Copyright 1986-2022 Xilinx, Inc. All Rights Reserved. Copyright 2022-2025 Advanced Micro Devices, Inc. All Rights Reserved.
---------------------------------------------------------------------------------------------------------------------------------------------
| Tool Version : Vivado v.2025.1 (win64) Build 6140274 Thu May 22 00:12:29 MDT 2025
| Date         : Thu Mar 19 08:06:21 2026
| Host         : DESKTOP-QGTME97 running 64-bit major release  (build 9200)
| Command      : report_control_sets -verbose -file fra_top_control_sets_placed.rpt
| Design       : fra_top
| Device       : xc7z015
---------------------------------------------------------------------------------------------------------------------------------------------

Control Set Information

Table of Contents
-----------------
1. Summary
2. Histogram
3. Flip-Flop Distribution
4. Detailed Control Set Information

1. Summary
----------

+----------------------------------------------------------+-------+
|                          Status                          | Count |
+----------------------------------------------------------+-------+
| Total control sets                                       |     4 |
|    Minimum number of control sets                        |     4 |
|    Addition due to synthesis replication                 |     0 |
|    Addition due to physical synthesis replication        |     0 |
| Unused register locations in slices containing registers |    16 |
+----------------------------------------------------------+-------+
* Control sets can be merged at opt_design using control_set_merge or merge_equivalent_drivers
** Run report_qor_suggestions for automated merging and remapping suggestions


2. Histogram
------------

+--------------------+-------+
|       Fanout       | Count |
+--------------------+-------+
| Total control sets |     4 |
| >= 0 to < 4        |     2 |
| >= 4 to < 6        |     1 |
| >= 6 to < 8        |     0 |
| >= 8 to < 10       |     1 |
| >= 10 to < 12      |     0 |
| >= 12 to < 14      |     0 |
| >= 14 to < 16      |     0 |
| >= 16              |     0 |
+--------------------+-------+
* Control sets can be remapped at either synth_design or opt_design


3. Flip-Flop Distribution
-------------------------

+--------------+-----------------------+------------------------+-----------------+--------------+
| Clock Enable | Synchronous Set/Reset | Asynchronous Set/Reset | Total Registers | Total Slices |
+--------------+-----------------------+------------------------+-----------------+--------------+
| No           | No                    | No                     |               3 |            2 |
| No           | No                    | Yes                    |               0 |            0 |
| No           | Yes                   | No                     |               5 |            2 |
| Yes          | No                    | No                     |               0 |            0 |
| Yes          | No                    | Yes                    |               0 |            0 |
| Yes          | Yes                   | No                     |               8 |            2 |
+--------------+-----------------------+------------------------+-----------------+--------------+


4. Detailed Control Set Information
-----------------------------------

+-------------------------------+-----------------------------+-------------------------------------------+------------------+----------------+--------------+
|          Clock Signal         |        Enable Signal        |              Set/Reset Signal             | Slice Load Count | Bel Load Count | Bels / Slice |
+-------------------------------+-----------------------------+-------------------------------------------+------------------+----------------+--------------+
|  clk_IBUF_BUFG                |                             |                                           |                1 |              1 |         1.00 |
|  u_clk_div_2/dac_clk_out_OBUF |                             |                                           |                1 |              2 |         2.00 |
|  u_clk_div_2/dac_clk_out_OBUF |                             | u_sawtooth_gen/divider_counter[0]_i_1_n_0 |                2 |              5 |         2.50 |
|  u_clk_div_2/dac_clk_out_OBUF | u_sawtooth_gen/ramp_counter | u_sawtooth_gen/reset_n                    |                2 |              8 |         4.00 |
+-------------------------------+-----------------------------+-------------------------------------------+------------------+----------------+--------------+


