Copyright 1986-2022 Xilinx, Inc. All Rights Reserved. Copyright 2022-2025 Advanced Micro Devices, Inc. All Rights Reserved.
---------------------------------------------------------------------------------------------------------------------------------------------------------------------------------------------------------------------------------
| Tool Version : Vivado v.2025.1 (win64) Build 6140274 Thu May 22 00:12:29 MDT 2025
| Date         : Thu Mar 19 08:26:24 2026
| Host         : DESKTOP-QGTME97 running 64-bit major release  (build 9200)
| Command      : report_timing_summary -max_paths 10 -routable_nets -report_unconstrained -file fra_top_timing_summary_routed.rpt -pb fra_top_timing_summary_routed.pb -rpx fra_top_timing_summary_routed.rpx -warn_on_violation
| Design       : fra_top
| Device       : 7z015-clg485
| Speed File   : -2  PRODUCTION 1.12 2019-11-22
| Design State : Routed
---------------------------------------------------------------------------------------------------------------------------------------------------------------------------------------------------------------------------------

Timing Summary Report

------------------------------------------------------------------------------------------------
| Timer Settings
| --------------
------------------------------------------------------------------------------------------------

  Enable Multi Corner Analysis               :  Yes
  Enable Pessimism Removal                   :  Yes
  Pessimism Removal Resolution               :  Nearest Common Node
  Enable Input Delay Default Clock           :  No
  Enable Preset / Clear Arcs                 :  No
  Disable Flight Delays                      :  No
  Ignore I/O Paths                           :  No
  Timing Early Launch at Borrowing Latches   :  No
  Borrow Time for Max Delay Exceptions       :  Yes
  Merge Timing Exceptions                    :  Yes
  Inter-SLR Compensation                     :  Conservative

  Corner  Analyze    Analyze    
  Name    Max Paths  Min Paths  
  ------  ---------  ---------  
  Slow    Yes        Yes        
  Fast    Yes        Yes        


------------------------------------------------------------------------------------------------
| Report Methodology
| ------------------
------------------------------------------------------------------------------------------------

Rule       Severity          Description                    Violations  
---------  ----------------  -----------------------------  ----------  
TIMING-17  Critical Warning  Non-clocked sequential cell    41          
TIMING-18  Warning           Missing input or output delay  2           

Note: This report is based on the most recent report_methodology run and may not be up-to-date. Run report_methodology on the current design for the latest report.



check_timing report

Table of Contents
-----------------
1. checking no_clock (41)
2. checking constant_clock (0)
3. checking pulse_width_clock (0)
4. checking unconstrained_internal_endpoints (89)
5. checking no_input_delay (1)
6. checking no_output_delay (10)
7. checking multiple_clock (0)
8. checking generated_clocks (0)
9. checking loops (0)
10. checking partial_input_delay (0)
11. checking partial_output_delay (0)
12. checking latch_loops (0)

1. checking no_clock (41)
-------------------------
 There are 41 register/latch pins with no clock driven by root clock pin: u_clk_div_2/clk_div_reg/Q (HIGH)


2. checking constant_clock (0)
------------------------------
 There are 0 register/latch pins with constant_clock.


3. checking pulse_width_clock (0)
---------------------------------
 There are 0 register/latch pins which need pulse_width check


4. checking unconstrained_internal_endpoints (89)
-------------------------------------------------
 There are 89 pins that are not constrained for maximum delay. (HIGH)

 There are 0 pins that are not constrained for maximum delay due to constant clock.


5. checking no_input_delay (1)
------------------------------
 There is 1 input port with no input delay specified. (HIGH)

 There are 0 input ports with no input delay but user has a false path constraint.


6. checking no_output_delay (10)
--------------------------------
 There are 10 ports with no output delay specified. (HIGH)

 There are 0 ports with no output delay but user has a false path constraint

 There are 0 ports with no output delay but with a timing clock defined on it or propagating through it


7. checking multiple_clock (0)
------------------------------
 There are 0 register/latch pins with multiple clocks.


8. checking generated_clocks (0)
--------------------------------
 There are 0 generated clocks that are not connected to a clock source.


9. checking loops (0)
---------------------
 There are 0 combinational loops in the design.


10. checking partial_input_delay (0)
------------------------------------
 There are 0 input ports with partial input delay specified.


11. checking partial_output_delay (0)
-------------------------------------
 There are 0 ports with partial output delay specified.


12. checking latch_loops (0)
----------------------------
 There are 0 combinational latch loops in the design through latch input



------------------------------------------------------------------------------------------------
| Design Timing Summary
| ---------------------
------------------------------------------------------------------------------------------------

    WNS(ns)      TNS(ns)  TNS Failing Endpoints  TNS Total Endpoints      WHS(ns)      THS(ns)  THS Failing Endpoints  THS Total Endpoints     WPWS(ns)     TPWS(ns)  TPWS Failing Endpoints  TPWS Total Endpoints  
    -------      -------  ---------------------  -------------------      -------      -------  ---------------------  -------------------     --------     --------  ----------------------  --------------------  
     19.093        0.000                      0                    1        0.273        0.000                      0                    1        9.500        0.000                       0                     2  


All user specified timing constraints are met.


------------------------------------------------------------------------------------------------
| Clock Summary
| -------------
------------------------------------------------------------------------------------------------

Clock   Waveform(ns)       Period(ns)      Frequency(MHz)
-----   ------------       ----------      --------------
pl_clk  {0.000 10.000}     20.000          50.000          


------------------------------------------------------------------------------------------------
| Intra Clock Table
| -----------------
------------------------------------------------------------------------------------------------

Clock             WNS(ns)      TNS(ns)  TNS Failing Endpoints  TNS Total Endpoints      WHS(ns)      THS(ns)  THS Failing Endpoints  THS Total Endpoints     WPWS(ns)     TPWS(ns)  TPWS Failing Endpoints  TPWS Total Endpoints  
-----             -------      -------  ---------------------  -------------------      -------      -------  ---------------------  -------------------     --------     --------  ----------------------  --------------------  
pl_clk             19.093        0.000                      0                    1        0.273        0.000                      0                    1        9.500        0.000                       0                     2  


------------------------------------------------------------------------------------------------
| Inter Clock Table
| -----------------
------------------------------------------------------------------------------------------------

From Clock    To Clock          WNS(ns)      TNS(ns)  TNS Failing Endpoints  TNS Total Endpoints      WHS(ns)      THS(ns)  THS Failing Endpoints  THS Total Endpoints  
----------    --------          -------      -------  ---------------------  -------------------      -------      -------  ---------------------  -------------------  


------------------------------------------------------------------------------------------------
| Other Path Groups Table
| -----------------------
------------------------------------------------------------------------------------------------

Path Group    From Clock    To Clock          WNS(ns)      TNS(ns)  TNS Failing Endpoints  TNS Total Endpoints      WHS(ns)      THS(ns)  THS Failing Endpoints  THS Total Endpoints  
----------    ----------    --------          -------      -------  ---------------------  -------------------      -------      -------  ---------------------  -------------------  


------------------------------------------------------------------------------------------------
| User Ignored Path Table
| -----------------------
------------------------------------------------------------------------------------------------

Path Group    From Clock    To Clock    
----------    ----------    --------    


------------------------------------------------------------------------------------------------
| Unconstrained Path Table
| ------------------------
------------------------------------------------------------------------------------------------

Path Group    From Clock    To Clock    
----------    ----------    --------    
(none)                                    
(none)        pl_clk                      


------------------------------------------------------------------------------------------------
| Timing Details
| --------------
------------------------------------------------------------------------------------------------


---------------------------------------------------------------------------------------------------
From Clock:  pl_clk
  To Clock:  pl_clk

Setup :            0  Failing Endpoints,  Worst Slack       19.093ns,  Total Violation        0.000ns
Hold  :            0  Failing Endpoints,  Worst Slack        0.273ns,  Total Violation        0.000ns
PW    :            0  Failing Endpoints,  Worst Slack        9.500ns,  Total Violation        0.000ns
---------------------------------------------------------------------------------------------------


Max Delay Paths
--------------------------------------------------------------------------------------
Slack (MET) :             19.093ns  (required time - arrival time)
  Source:                 u_clk_div_2/clk_div_reg/C
                            (rising edge-triggered cell FDRE clocked by pl_clk  {rise@0.000ns fall@10.000ns period=20.000ns})
  Destination:            u_clk_div_2/clk_div_reg/D
                            (rising edge-triggered cell FDRE clocked by pl_clk  {rise@0.000ns fall@10.000ns period=20.000ns})
  Path Group:             pl_clk
  Path Type:              Setup (Max at Slow Process Corner)
  Requirement:            20.000ns  (pl_clk rise@20.000ns - pl_clk rise@0.000ns)
  Data Path Delay:        0.902ns  (logic 0.484ns (53.673%)  route 0.418ns (46.327%))
  Logic Levels:           1  (LUT1=1)
  Clock Path Skew:        0.000ns (DCD - SCD + CPR)
    Destination Clock Delay (DCD):    4.366ns = ( 24.366 - 20.000 ) 
    Source Clock Delay      (SCD):    4.771ns
    Clock Pessimism Removal (CPR):    0.405ns
  Clock Uncertainty:      0.035ns  ((TSJ^2 + TIJ^2)^1/2 + DJ) / 2 + PE
    Total System Jitter     (TSJ):    0.071ns
    Total Input Jitter      (TIJ):    0.000ns
    Discrete Jitter          (DJ):    0.000ns
    Phase Error              (PE):    0.000ns

    Location             Delay type                Incr(ns)  Path(ns)    Netlist Resource(s)
  -------------------------------------------------------------------    -------------------
                         (clock pl_clk rise edge)     0.000     0.000 r  
    Y14                                               0.000     0.000 r  clk (IN)
                         net (fo=0)                   0.000     0.000    clk
    Y14                  IBUF (Prop_ibuf_I_O)         1.465     1.465 r  clk_IBUF_inst/O
                         net (fo=1, routed)           1.812     3.277    clk_IBUF
    BUFGCTRL_X0Y1        BUFG (Prop_bufg_I_O)         0.085     3.362 r  clk_IBUF_BUFG_inst/O
                         net (fo=1, routed)           1.409     4.771    u_clk_div_2/clk
    SLICE_X60Y46         FDRE                                         r  u_clk_div_2/clk_div_reg/C
  -------------------------------------------------------------------    -------------------
    SLICE_X60Y46         FDRE (Prop_fdre_C_Q)         0.379     5.150 f  u_clk_div_2/clk_div_reg/Q
                         net (fo=2, routed)           0.418     5.568    u_clk_div_2/clk_out
    SLICE_X60Y46         LUT1 (Prop_lut1_I0_O)        0.105     5.673 r  u_clk_div_2/clk_div_i_1/O
                         net (fo=1, routed)           0.000     5.673    u_clk_div_2/p_0_in
    SLICE_X60Y46         FDRE                                         r  u_clk_div_2/clk_div_reg/D
  -------------------------------------------------------------------    -------------------

                         (clock pl_clk rise edge)    20.000    20.000 r  
    Y14                                               0.000    20.000 r  clk (IN)
                         net (fo=0)                   0.000    20.000    clk
    Y14                  IBUF (Prop_ibuf_I_O)         1.399    21.399 r  clk_IBUF_inst/O
                         net (fo=1, routed)           1.639    23.038    clk_IBUF
    BUFGCTRL_X0Y1        BUFG (Prop_bufg_I_O)         0.077    23.115 r  clk_IBUF_BUFG_inst/O
                         net (fo=1, routed)           1.251    24.366    u_clk_div_2/clk
    SLICE_X60Y46         FDRE                                         r  u_clk_div_2/clk_div_reg/C
                         clock pessimism              0.405    24.771    
                         clock uncertainty           -0.035    24.736    
    SLICE_X60Y46         FDRE (Setup_fdre_C_D)        0.030    24.766    u_clk_div_2/clk_div_reg
  -------------------------------------------------------------------
                         required time                         24.766    
                         arrival time                          -5.673    
  -------------------------------------------------------------------
                         slack                                 19.093    





Min Delay Paths
--------------------------------------------------------------------------------------
Slack (MET) :             0.273ns  (arrival time - required time)
  Source:                 u_clk_div_2/clk_div_reg/C
                            (rising edge-triggered cell FDRE clocked by pl_clk  {rise@0.000ns fall@10.000ns period=20.000ns})
  Destination:            u_clk_div_2/clk_div_reg/D
                            (rising edge-triggered cell FDRE clocked by pl_clk  {rise@0.000ns fall@10.000ns period=20.000ns})
  Path Group:             pl_clk
  Path Type:              Hold (Min at Fast Process Corner)
  Requirement:            0.000ns  (pl_clk rise@0.000ns - pl_clk rise@0.000ns)
  Data Path Delay:        0.364ns  (logic 0.186ns (51.132%)  route 0.178ns (48.868%))
  Logic Levels:           1  (LUT1=1)
  Clock Path Skew:        0.000ns (DCD - SCD - CPR)
    Destination Clock Delay (DCD):    2.056ns
    Source Clock Delay      (SCD):    1.534ns
    Clock Pessimism Removal (CPR):    0.522ns

    Location             Delay type                Incr(ns)  Path(ns)    Netlist Resource(s)
  -------------------------------------------------------------------    -------------------
                         (clock pl_clk rise edge)     0.000     0.000 r  
    Y14                                               0.000     0.000 r  clk (IN)
                         net (fo=0)                   0.000     0.000    clk
    Y14                  IBUF (Prop_ibuf_I_O)         0.301     0.301 r  clk_IBUF_inst/O
                         net (fo=1, routed)           0.648     0.949    clk_IBUF
    BUFGCTRL_X0Y1        BUFG (Prop_bufg_I_O)         0.026     0.975 r  clk_IBUF_BUFG_inst/O
                         net (fo=1, routed)           0.559     1.534    u_clk_div_2/clk
    SLICE_X60Y46         FDRE                                         r  u_clk_div_2/clk_div_reg/C
  -------------------------------------------------------------------    -------------------
    SLICE_X60Y46         FDRE (Prop_fdre_C_Q)         0.141     1.675 f  u_clk_div_2/clk_div_reg/Q
                         net (fo=2, routed)           0.178     1.853    u_clk_div_2/clk_out
    SLICE_X60Y46         LUT1 (Prop_lut1_I0_O)        0.045     1.898 r  u_clk_div_2/clk_div_i_1/O
                         net (fo=1, routed)           0.000     1.898    u_clk_div_2/p_0_in
    SLICE_X60Y46         FDRE                                         r  u_clk_div_2/clk_div_reg/D
  -------------------------------------------------------------------    -------------------

                         (clock pl_clk rise edge)     0.000     0.000 r  
    Y14                                               0.000     0.000 r  clk (IN)
                         net (fo=0)                   0.000     0.000    clk
    Y14                  IBUF (Prop_ibuf_I_O)         0.490     0.490 r  clk_IBUF_inst/O
                         net (fo=1, routed)           0.707     1.197    clk_IBUF
    BUFGCTRL_X0Y1        BUFG (Prop_bufg_I_O)         0.029     1.226 r  clk_IBUF_BUFG_inst/O
                         net (fo=1, routed)           0.830     2.056    u_clk_div_2/clk
    SLICE_X60Y46         FDRE                                         r  u_clk_div_2/clk_div_reg/C
                         clock pessimism             -0.522     1.534    
    SLICE_X60Y46         FDRE (Hold_fdre_C_D)         0.091     1.625    u_clk_div_2/clk_div_reg
  -------------------------------------------------------------------
                         required time                         -1.625    
                         arrival time                           1.898    
  -------------------------------------------------------------------
                         slack                                  0.273    





Pulse Width Checks
--------------------------------------------------------------------------------------
Clock Name:         pl_clk
Waveform(ns):       { 0.000 10.000 }
Period(ns):         20.000
Sources:            { clk }

Check Type        Corner  Lib Pin  Reference Pin  Required(ns)  Actual(ns)  Slack(ns)  Location       Pin
Min Period        n/a     BUFG/I   n/a            1.592         20.000      18.408     BUFGCTRL_X0Y1  clk_IBUF_BUFG_inst/I
Min Period        n/a     FDRE/C   n/a            1.000         20.000      19.000     SLICE_X60Y46   u_clk_div_2/clk_div_reg/C
Low Pulse Width   Slow    FDRE/C   n/a            0.500         10.000      9.500      SLICE_X60Y46   u_clk_div_2/clk_div_reg/C
Low Pulse Width   Fast    FDRE/C   n/a            0.500         10.000      9.500      SLICE_X60Y46   u_clk_div_2/clk_div_reg/C
High Pulse Width  Slow    FDRE/C   n/a            0.500         10.000      9.500      SLICE_X60Y46   u_clk_div_2/clk_div_reg/C
High Pulse Width  Fast    FDRE/C   n/a            0.500         10.000      9.500      SLICE_X60Y46   u_clk_div_2/clk_div_reg/C



--------------------------------------------------------------------------------------
Path Group:  (none)
From Clock:  
  To Clock:  

Max Delay            97 Endpoints
Min Delay            97 Endpoints
--------------------------------------------------------------------------------------


Max Delay Paths
--------------------------------------------------------------------------------------
Slack:                    inf
  Source:                 u_dac_if/dac_data_reg[7]/C
                            (rising edge-triggered cell FDRE)
  Destination:            dac_out[7]
                            (output port)
  Path Group:             (none)
  Path Type:              Max at Slow Process Corner
  Data Path Delay:        8.038ns  (logic 3.729ns (46.391%)  route 4.309ns (53.609%))
  Logic Levels:           2  (FDRE=1 OBUF=1)

    Location             Delay type                Incr(ns)  Path(ns)    Netlist Resource(s)
  -------------------------------------------------------------------    -------------------
    SLICE_X96Y52         FDRE                         0.000     0.000 r  u_dac_if/dac_data_reg[7]/C
    SLICE_X96Y52         FDRE (Prop_fdre_C_Q)         0.379     0.379 r  u_dac_if/dac_data_reg[7]/Q
                         net (fo=1, routed)           4.309     4.688    dac_out_OBUF[7]
    Y12                  OBUF (Prop_obuf_I_O)         3.350     8.038 r  dac_out_OBUF[7]_inst/O
                         net (fo=0)                   0.000     8.038    dac_out[7]
    Y12                                                               r  dac_out[7] (OUT)
  -------------------------------------------------------------------    -------------------

Slack:                    inf
  Source:                 reset_n
                            (input port)
  Destination:            u_dds/phase_acc_reg[0]/R
  Path Group:             (none)
  Path Type:              Max at Slow Process Corner
  Data Path Delay:        6.484ns  (logic 1.598ns (24.639%)  route 4.887ns (75.361%))
  Logic Levels:           2  (IBUF=1 LUT1=1)

    Location             Delay type                Incr(ns)  Path(ns)    Netlist Resource(s)
  -------------------------------------------------------------------    -------------------
    AB12                                              0.000     0.000 f  reset_n (IN)
                         net (fo=0)                   0.000     0.000    reset_n
    AB12                 IBUF (Prop_ibuf_I_O)         1.493     1.493 f  reset_n_IBUF_inst/O
                         net (fo=2, routed)           3.908     5.400    u_dds/sine_rom_inst/reset_n_IBUF
    SLICE_X98Y51         LUT1 (Prop_lut1_I0_O)        0.105     5.505 r  u_dds/sine_rom_inst/data_reg_i_1/O
                         net (fo=40, routed)          0.979     6.484    u_dds/SR[0]
    SLICE_X97Y47         FDRE                                         r  u_dds/phase_acc_reg[0]/R
  -------------------------------------------------------------------    -------------------

Slack:                    inf
  Source:                 reset_n
                            (input port)
  Destination:            u_dds/phase_acc_reg[1]/R
  Path Group:             (none)
  Path Type:              Max at Slow Process Corner
  Data Path Delay:        6.484ns  (logic 1.598ns (24.639%)  route 4.887ns (75.361%))
  Logic Levels:           2  (IBUF=1 LUT1=1)

    Location             Delay type                Incr(ns)  Path(ns)    Netlist Resource(s)
  -------------------------------------------------------------------    -------------------
    AB12                                              0.000     0.000 f  reset_n (IN)
                         net (fo=0)                   0.000     0.000    reset_n
    AB12                 IBUF (Prop_ibuf_I_O)         1.493     1.493 f  reset_n_IBUF_inst/O
                         net (fo=2, routed)           3.908     5.400    u_dds/sine_rom_inst/reset_n_IBUF
    SLICE_X98Y51         LUT1 (Prop_lut1_I0_O)        0.105     5.505 r  u_dds/sine_rom_inst/data_reg_i_1/O
                         net (fo=40, routed)          0.979     6.484    u_dds/SR[0]
    SLICE_X97Y47         FDRE                                         r  u_dds/phase_acc_reg[1]/R
  -------------------------------------------------------------------    -------------------

Slack:                    inf
  Source:                 reset_n
                            (input port)
  Destination:            u_dds/phase_acc_reg[2]/R
  Path Group:             (none)
  Path Type:              Max at Slow Process Corner
  Data Path Delay:        6.484ns  (logic 1.598ns (24.639%)  route 4.887ns (75.361%))
  Logic Levels:           2  (IBUF=1 LUT1=1)

    Location             Delay type                Incr(ns)  Path(ns)    Netlist Resource(s)
  -------------------------------------------------------------------    -------------------
    AB12                                              0.000     0.000 f  reset_n (IN)
                         net (fo=0)                   0.000     0.000    reset_n
    AB12                 IBUF (Prop_ibuf_I_O)         1.493     1.493 f  reset_n_IBUF_inst/O
                         net (fo=2, routed)           3.908     5.400    u_dds/sine_rom_inst/reset_n_IBUF
    SLICE_X98Y51         LUT1 (Prop_lut1_I0_O)        0.105     5.505 r  u_dds/sine_rom_inst/data_reg_i_1/O
                         net (fo=40, routed)          0.979     6.484    u_dds/SR[0]
    SLICE_X97Y47         FDRE                                         r  u_dds/phase_acc_reg[2]/R
  -------------------------------------------------------------------    -------------------

Slack:                    inf
  Source:                 reset_n
                            (input port)
  Destination:            u_dds/phase_acc_reg[3]/R
  Path Group:             (none)
  Path Type:              Max at Slow Process Corner
  Data Path Delay:        6.484ns  (logic 1.598ns (24.639%)  route 4.887ns (75.361%))
  Logic Levels:           2  (IBUF=1 LUT1=1)

    Location             Delay type                Incr(ns)  Path(ns)    Netlist Resource(s)
  -------------------------------------------------------------------    -------------------
    AB12                                              0.000     0.000 f  reset_n (IN)
                         net (fo=0)                   0.000     0.000    reset_n
    AB12                 IBUF (Prop_ibuf_I_O)         1.493     1.493 f  reset_n_IBUF_inst/O
                         net (fo=2, routed)           3.908     5.400    u_dds/sine_rom_inst/reset_n_IBUF
    SLICE_X98Y51         LUT1 (Prop_lut1_I0_O)        0.105     5.505 r  u_dds/sine_rom_inst/data_reg_i_1/O
                         net (fo=40, routed)          0.979     6.484    u_dds/SR[0]
    SLICE_X97Y47         FDRE                                         r  u_dds/phase_acc_reg[3]/R
  -------------------------------------------------------------------    -------------------

Slack:                    inf
  Source:                 reset_n
                            (input port)
  Destination:            u_dds/phase_acc_reg[4]/R
  Path Group:             (none)
  Path Type:              Max at Slow Process Corner
  Data Path Delay:        6.398ns  (logic 1.598ns (24.972%)  route 4.800ns (75.028%))
  Logic Levels:           2  (IBUF=1 LUT1=1)

    Location             Delay type                Incr(ns)  Path(ns)    Netlist Resource(s)
  -------------------------------------------------------------------    -------------------
    AB12                                              0.000     0.000 f  reset_n (IN)
                         net (fo=0)                   0.000     0.000    reset_n
    AB12                 IBUF (Prop_ibuf_I_O)         1.493     1.493 f  reset_n_IBUF_inst/O
                         net (fo=2, routed)           3.908     5.400    u_dds/sine_rom_inst/reset_n_IBUF
    SLICE_X98Y51         LUT1 (Prop_lut1_I0_O)        0.105     5.505 r  u_dds/sine_rom_inst/data_reg_i_1/O
                         net (fo=40, routed)          0.893     6.398    u_dds/SR[0]
    SLICE_X97Y48         FDRE                                         r  u_dds/phase_acc_reg[4]/R
  -------------------------------------------------------------------    -------------------

Slack:                    inf
  Source:                 reset_n
                            (input port)
  Destination:            u_dds/phase_acc_reg[5]/R
  Path Group:             (none)
  Path Type:              Max at Slow Process Corner
  Data Path Delay:        6.398ns  (logic 1.598ns (24.972%)  route 4.800ns (75.028%))
  Logic Levels:           2  (IBUF=1 LUT1=1)

    Location             Delay type                Incr(ns)  Path(ns)    Netlist Resource(s)
  -------------------------------------------------------------------    -------------------
    AB12                                              0.000     0.000 f  reset_n (IN)
                         net (fo=0)                   0.000     0.000    reset_n
    AB12                 IBUF (Prop_ibuf_I_O)         1.493     1.493 f  reset_n_IBUF_inst/O
                         net (fo=2, routed)           3.908     5.400    u_dds/sine_rom_inst/reset_n_IBUF
    SLICE_X98Y51         LUT1 (Prop_lut1_I0_O)        0.105     5.505 r  u_dds/sine_rom_inst/data_reg_i_1/O
                         net (fo=40, routed)          0.893     6.398    u_dds/SR[0]
    SLICE_X97Y48         FDRE                                         r  u_dds/phase_acc_reg[5]/R
  -------------------------------------------------------------------    -------------------

Slack:                    inf
  Source:                 reset_n
                            (input port)
  Destination:            u_dds/phase_acc_reg[6]/R
  Path Group:             (none)
  Path Type:              Max at Slow Process Corner
  Data Path Delay:        6.398ns  (logic 1.598ns (24.972%)  route 4.800ns (75.028%))
  Logic Levels:           2  (IBUF=1 LUT1=1)

    Location             Delay type                Incr(ns)  Path(ns)    Netlist Resource(s)
  -------------------------------------------------------------------    -------------------
    AB12                                              0.000     0.000 f  reset_n (IN)
                         net (fo=0)                   0.000     0.000    reset_n
    AB12                 IBUF (Prop_ibuf_I_O)         1.493     1.493 f  reset_n_IBUF_inst/O
                         net (fo=2, routed)           3.908     5.400    u_dds/sine_rom_inst/reset_n_IBUF
    SLICE_X98Y51         LUT1 (Prop_lut1_I0_O)        0.105     5.505 r  u_dds/sine_rom_inst/data_reg_i_1/O
                         net (fo=40, routed)          0.893     6.398    u_dds/SR[0]
    SLICE_X97Y48         FDRE                                         r  u_dds/phase_acc_reg[6]/R
  -------------------------------------------------------------------    -------------------

Slack:                    inf
  Source:                 reset_n
                            (input port)
  Destination:            u_dds/phase_acc_reg[7]/R
  Path Group:             (none)
  Path Type:              Max at Slow Process Corner
  Data Path Delay:        6.398ns  (logic 1.598ns (24.972%)  route 4.800ns (75.028%))
  Logic Levels:           2  (IBUF=1 LUT1=1)

    Location             Delay type                Incr(ns)  Path(ns)    Netlist Resource(s)
  -------------------------------------------------------------------    -------------------
    AB12                                              0.000     0.000 f  reset_n (IN)
                         net (fo=0)                   0.000     0.000    reset_n
    AB12                 IBUF (Prop_ibuf_I_O)         1.493     1.493 f  reset_n_IBUF_inst/O
                         net (fo=2, routed)           3.908     5.400    u_dds/sine_rom_inst/reset_n_IBUF
    SLICE_X98Y51         LUT1 (Prop_lut1_I0_O)        0.105     5.505 r  u_dds/sine_rom_inst/data_reg_i_1/O
                         net (fo=40, routed)          0.893     6.398    u_dds/SR[0]
    SLICE_X97Y48         FDRE                                         r  u_dds/phase_acc_reg[7]/R
  -------------------------------------------------------------------    -------------------

Slack:                    inf
  Source:                 reset_n
                            (input port)
  Destination:            u_dds/phase_acc_reg[10]/R
  Path Group:             (none)
  Path Type:              Max at Slow Process Corner
  Data Path Delay:        6.365ns  (logic 1.598ns (25.100%)  route 4.768ns (74.900%))
  Logic Levels:           2  (IBUF=1 LUT1=1)

    Location             Delay type                Incr(ns)  Path(ns)    Netlist Resource(s)
  -------------------------------------------------------------------    -------------------
    AB12                                              0.000     0.000 f  reset_n (IN)
                         net (fo=0)                   0.000     0.000    reset_n
    AB12                 IBUF (Prop_ibuf_I_O)         1.493     1.493 f  reset_n_IBUF_inst/O
                         net (fo=2, routed)           3.908     5.400    u_dds/sine_rom_inst/reset_n_IBUF
    SLICE_X98Y51         LUT1 (Prop_lut1_I0_O)        0.105     5.505 r  u_dds/sine_rom_inst/data_reg_i_1/O
                         net (fo=40, routed)          0.860     6.365    u_dds/SR[0]
    SLICE_X97Y49         FDRE                                         r  u_dds/phase_acc_reg[10]/R
  -------------------------------------------------------------------    -------------------





Min Delay Paths
--------------------------------------------------------------------------------------
Slack:                    inf
  Source:                 u_dds/phase_acc_reg[15]/C
                            (rising edge-triggered cell FDRE)
  Destination:            u_dds/phase_acc_reg[15]/D
  Path Group:             (none)
  Path Type:              Min at Fast Process Corner
  Data Path Delay:        0.356ns  (logic 0.249ns (70.029%)  route 0.107ns (29.971%))
  Logic Levels:           2  (CARRY4=1 FDRE=1)

    Location             Delay type                Incr(ns)  Path(ns)    Netlist Resource(s)
  -------------------------------------------------------------------    -------------------
    SLICE_X97Y50         FDRE                         0.000     0.000 r  u_dds/phase_acc_reg[15]/C
    SLICE_X97Y50         FDRE (Prop_fdre_C_Q)         0.141     0.141 r  u_dds/phase_acc_reg[15]/Q
                         net (fo=1, routed)           0.107     0.248    u_dds/phase_acc_reg_n_0_[15]
    SLICE_X97Y50         CARRY4 (Prop_carry4_S[3]_O[3])
                                                      0.108     0.356 r  u_dds/phase_acc_reg[12]_i_1/O[3]
                         net (fo=1, routed)           0.000     0.356    u_dds/phase_acc_reg[12]_i_1_n_4
    SLICE_X97Y50         FDRE                                         r  u_dds/phase_acc_reg[15]/D
  -------------------------------------------------------------------    -------------------

Slack:                    inf
  Source:                 u_dds/phase_acc_reg[19]/C
                            (rising edge-triggered cell FDRE)
  Destination:            u_dds/phase_acc_reg[19]/D
  Path Group:             (none)
  Path Type:              Min at Fast Process Corner
  Data Path Delay:        0.356ns  (logic 0.249ns (70.029%)  route 0.107ns (29.971%))
  Logic Levels:           2  (CARRY4=1 FDRE=1)

    Location             Delay type                Incr(ns)  Path(ns)    Netlist Resource(s)
  -------------------------------------------------------------------    -------------------
    SLICE_X97Y51         FDRE                         0.000     0.000 r  u_dds/phase_acc_reg[19]/C
    SLICE_X97Y51         FDRE (Prop_fdre_C_Q)         0.141     0.141 r  u_dds/phase_acc_reg[19]/Q
                         net (fo=1, routed)           0.107     0.248    u_dds/phase_acc_reg_n_0_[19]
    SLICE_X97Y51         CARRY4 (Prop_carry4_S[3]_O[3])
                                                      0.108     0.356 r  u_dds/phase_acc_reg[16]_i_1/O[3]
                         net (fo=1, routed)           0.000     0.356    u_dds/phase_acc_reg[16]_i_1_n_4
    SLICE_X97Y51         FDRE                                         r  u_dds/phase_acc_reg[19]/D
  -------------------------------------------------------------------    -------------------

Slack:                    inf
  Source:                 u_dds/phase_acc_reg[23]/C
                            (rising edge-triggered cell FDRE)
  Destination:            u_dds/phase_acc_reg[23]/D
  Path Group:             (none)
  Path Type:              Min at Fast Process Corner
  Data Path Delay:        0.356ns  (logic 0.249ns (70.029%)  route 0.107ns (29.971%))
  Logic Levels:           2  (CARRY4=1 FDRE=1)

    Location             Delay type                Incr(ns)  Path(ns)    Netlist Resource(s)
  -------------------------------------------------------------------    -------------------
    SLICE_X97Y52         FDRE                         0.000     0.000 r  u_dds/phase_acc_reg[23]/C
    SLICE_X97Y52         FDRE (Prop_fdre_C_Q)         0.141     0.141 r  u_dds/phase_acc_reg[23]/Q
                         net (fo=1, routed)           0.107     0.248    u_dds/phase_acc_reg_n_0_[23]
    SLICE_X97Y52         CARRY4 (Prop_carry4_S[3]_O[3])
                                                      0.108     0.356 r  u_dds/phase_acc_reg[20]_i_1/O[3]
                         net (fo=1, routed)           0.000     0.356    u_dds/phase_acc_reg[20]_i_1_n_4
    SLICE_X97Y52         FDRE                                         r  u_dds/phase_acc_reg[23]/D
  -------------------------------------------------------------------    -------------------

Slack:                    inf
  Source:                 u_dds/phase_acc_reg[7]/C
                            (rising edge-triggered cell FDRE)
  Destination:            u_dds/phase_acc_reg[7]/D
  Path Group:             (none)
  Path Type:              Min at Fast Process Corner
  Data Path Delay:        0.356ns  (logic 0.249ns (70.029%)  route 0.107ns (29.971%))
  Logic Levels:           2  (CARRY4=1 FDRE=1)

    Location             Delay type                Incr(ns)  Path(ns)    Netlist Resource(s)
  -------------------------------------------------------------------    -------------------
    SLICE_X97Y48         FDRE                         0.000     0.000 r  u_dds/phase_acc_reg[7]/C
    SLICE_X97Y48         FDRE (Prop_fdre_C_Q)         0.141     0.141 r  u_dds/phase_acc_reg[7]/Q
                         net (fo=1, routed)           0.107     0.248    u_dds/phase_acc_reg_n_0_[7]
    SLICE_X97Y48         CARRY4 (Prop_carry4_S[3]_O[3])
                                                      0.108     0.356 r  u_dds/phase_acc_reg[4]_i_1/O[3]
                         net (fo=1, routed)           0.000     0.356    u_dds/phase_acc_reg[4]_i_1_n_4
    SLICE_X97Y48         FDRE                                         r  u_dds/phase_acc_reg[7]/D
  -------------------------------------------------------------------    -------------------

Slack:                    inf
  Source:                 u_dds/phase_acc_reg[14]/C
                            (rising edge-triggered cell FDRE)
  Destination:            u_dds/phase_acc_reg[14]/D
  Path Group:             (none)
  Path Type:              Min at Fast Process Corner
  Data Path Delay:        0.359ns  (logic 0.252ns (70.177%)  route 0.107ns (29.823%))
  Logic Levels:           2  (CARRY4=1 FDRE=1)

    Location             Delay type                Incr(ns)  Path(ns)    Netlist Resource(s)
  -------------------------------------------------------------------    -------------------
    SLICE_X97Y50         FDRE                         0.000     0.000 r  u_dds/phase_acc_reg[14]/C
    SLICE_X97Y50         FDRE (Prop_fdre_C_Q)         0.141     0.141 r  u_dds/phase_acc_reg[14]/Q
                         net (fo=1, routed)           0.107     0.248    u_dds/phase_acc_reg_n_0_[14]
    SLICE_X97Y50         CARRY4 (Prop_carry4_S[2]_O[2])
                                                      0.111     0.359 r  u_dds/phase_acc_reg[12]_i_1/O[2]
                         net (fo=1, routed)           0.000     0.359    u_dds/phase_acc_reg[12]_i_1_n_5
    SLICE_X97Y50         FDRE                                         r  u_dds/phase_acc_reg[14]/D
  -------------------------------------------------------------------    -------------------

Slack:                    inf
  Source:                 u_dds/phase_acc_reg[18]/C
                            (rising edge-triggered cell FDRE)
  Destination:            u_dds/phase_acc_reg[18]/D
  Path Group:             (none)
  Path Type:              Min at Fast Process Corner
  Data Path Delay:        0.359ns  (logic 0.252ns (70.177%)  route 0.107ns (29.823%))
  Logic Levels:           2  (CARRY4=1 FDRE=1)

    Location             Delay type                Incr(ns)  Path(ns)    Netlist Resource(s)
  -------------------------------------------------------------------    -------------------
    SLICE_X97Y51         FDRE                         0.000     0.000 r  u_dds/phase_acc_reg[18]/C
    SLICE_X97Y51         FDRE (Prop_fdre_C_Q)         0.141     0.141 r  u_dds/phase_acc_reg[18]/Q
                         net (fo=1, routed)           0.107     0.248    u_dds/phase_acc_reg_n_0_[18]
    SLICE_X97Y51         CARRY4 (Prop_carry4_S[2]_O[2])
                                                      0.111     0.359 r  u_dds/phase_acc_reg[16]_i_1/O[2]
                         net (fo=1, routed)           0.000     0.359    u_dds/phase_acc_reg[16]_i_1_n_5
    SLICE_X97Y51         FDRE                                         r  u_dds/phase_acc_reg[18]/D
  -------------------------------------------------------------------    -------------------

Slack:                    inf
  Source:                 u_dds/phase_acc_reg[22]/C
                            (rising edge-triggered cell FDRE)
  Destination:            u_dds/phase_acc_reg[22]/D
  Path Group:             (none)
  Path Type:              Min at Fast Process Corner
  Data Path Delay:        0.359ns  (logic 0.252ns (70.177%)  route 0.107ns (29.823%))
  Logic Levels:           2  (CARRY4=1 FDRE=1)

    Location             Delay type                Incr(ns)  Path(ns)    Netlist Resource(s)
  -------------------------------------------------------------------    -------------------
    SLICE_X97Y52         FDRE                         0.000     0.000 r  u_dds/phase_acc_reg[22]/C
    SLICE_X97Y52         FDRE (Prop_fdre_C_Q)         0.141     0.141 r  u_dds/phase_acc_reg[22]/Q
                         net (fo=1, routed)           0.107     0.248    u_dds/phase_acc_reg_n_0_[22]
    SLICE_X97Y52         CARRY4 (Prop_carry4_S[2]_O[2])
                                                      0.111     0.359 r  u_dds/phase_acc_reg[20]_i_1/O[2]
                         net (fo=1, routed)           0.000     0.359    u_dds/phase_acc_reg[20]_i_1_n_5
    SLICE_X97Y52         FDRE                                         r  u_dds/phase_acc_reg[22]/D
  -------------------------------------------------------------------    -------------------

Slack:                    inf
  Source:                 u_dds/phase_acc_reg[12]/C
                            (rising edge-triggered cell FDRE)
  Destination:            u_dds/phase_acc_reg[12]/D
  Path Group:             (none)
  Path Type:              Min at Fast Process Corner
  Data Path Delay:        0.360ns  (logic 0.256ns (71.197%)  route 0.104ns (28.803%))
  Logic Levels:           2  (CARRY4=1 FDRE=1)

    Location             Delay type                Incr(ns)  Path(ns)    Netlist Resource(s)
  -------------------------------------------------------------------    -------------------
    SLICE_X97Y50         FDRE                         0.000     0.000 r  u_dds/phase_acc_reg[12]/C
    SLICE_X97Y50         FDRE (Prop_fdre_C_Q)         0.141     0.141 r  u_dds/phase_acc_reg[12]/Q
                         net (fo=1, routed)           0.104     0.245    u_dds/phase_acc_reg_n_0_[12]
    SLICE_X97Y50         CARRY4 (Prop_carry4_S[0]_O[0])
                                                      0.115     0.360 r  u_dds/phase_acc_reg[12]_i_1/O[0]
                         net (fo=1, routed)           0.000     0.360    u_dds/phase_acc_reg[12]_i_1_n_7
    SLICE_X97Y50         FDRE                                         r  u_dds/phase_acc_reg[12]/D
  -------------------------------------------------------------------    -------------------

Slack:                    inf
  Source:                 u_dds/phase_acc_reg[20]/C
                            (rising edge-triggered cell FDRE)
  Destination:            u_dds/phase_acc_reg[20]/D
  Path Group:             (none)
  Path Type:              Min at Fast Process Corner
  Data Path Delay:        0.360ns  (logic 0.256ns (71.197%)  route 0.104ns (28.803%))
  Logic Levels:           2  (CARRY4=1 FDRE=1)

    Location             Delay type                Incr(ns)  Path(ns)    Netlist Resource(s)
  -------------------------------------------------------------------    -------------------
    SLICE_X97Y52         FDRE                         0.000     0.000 r  u_dds/phase_acc_reg[20]/C
    SLICE_X97Y52         FDRE (Prop_fdre_C_Q)         0.141     0.141 r  u_dds/phase_acc_reg[20]/Q
                         net (fo=1, routed)           0.104     0.245    u_dds/phase_acc_reg_n_0_[20]
    SLICE_X97Y52         CARRY4 (Prop_carry4_S[0]_O[0])
                                                      0.115     0.360 r  u_dds/phase_acc_reg[20]_i_1/O[0]
                         net (fo=1, routed)           0.000     0.360    u_dds/phase_acc_reg[20]_i_1_n_7
    SLICE_X97Y52         FDRE                                         r  u_dds/phase_acc_reg[20]/D
  -------------------------------------------------------------------    -------------------

Slack:                    inf
  Source:                 u_dds/phase_acc_reg[4]/C
                            (rising edge-triggered cell FDRE)
  Destination:            u_dds/phase_acc_reg[4]/D
  Path Group:             (none)
  Path Type:              Min at Fast Process Corner
  Data Path Delay:        0.360ns  (logic 0.256ns (71.197%)  route 0.104ns (28.803%))
  Logic Levels:           2  (CARRY4=1 FDRE=1)

    Location             Delay type                Incr(ns)  Path(ns)    Netlist Resource(s)
  -------------------------------------------------------------------    -------------------
    SLICE_X97Y48         FDRE                         0.000     0.000 r  u_dds/phase_acc_reg[4]/C
    SLICE_X97Y48         FDRE (Prop_fdre_C_Q)         0.141     0.141 r  u_dds/phase_acc_reg[4]/Q
                         net (fo=1, routed)           0.104     0.245    u_dds/phase_acc_reg_n_0_[4]
    SLICE_X97Y48         CARRY4 (Prop_carry4_S[0]_O[0])
                                                      0.115     0.360 r  u_dds/phase_acc_reg[4]_i_1/O[0]
                         net (fo=1, routed)           0.000     0.360    u_dds/phase_acc_reg[4]_i_1_n_7
    SLICE_X97Y48         FDRE                                         r  u_dds/phase_acc_reg[4]/D
  -------------------------------------------------------------------    -------------------





--------------------------------------------------------------------------------------
Path Group:  (none)
From Clock:  pl_clk
  To Clock:  

Max Delay             2 Endpoints
Min Delay             2 Endpoints
--------------------------------------------------------------------------------------


Max Delay Paths
--------------------------------------------------------------------------------------
Slack:                    inf
  Source:                 u_clk_div_2/clk_div_reg/C
                            (rising edge-triggered cell FDRE clocked by pl_clk  {rise@0.000ns fall@10.000ns period=20.000ns})
  Destination:            dac_clk_out
                            (output port)
  Path Group:             (none)
  Path Type:              Max at Slow Process Corner
  Data Path Delay:        7.002ns  (logic 3.802ns (54.309%)  route 3.199ns (45.691%))
  Logic Levels:           2  (BUFG=1 OBUF=1)
  Clock Uncertainty:      0.025ns  ((TSJ^2 + TIJ^2)^1/2 + DJ) / 2 + PE
    Total System Jitter     (TSJ):    0.050ns
    Total Input Jitter      (TIJ):    0.000ns
    Discrete Jitter          (DJ):    0.000ns
    Phase Error              (PE):    0.000ns

    Location             Delay type                Incr(ns)  Path(ns)    Netlist Resource(s)
  -------------------------------------------------------------------    -------------------
                         (clock pl_clk rise edge)     0.000     0.000 r  
    Y14                                               0.000     0.000 r  clk (IN)
                         net (fo=0)                   0.000     0.000    clk
    Y14                  IBUF (Prop_ibuf_I_O)         1.465     1.465 r  clk_IBUF_inst/O
                         net (fo=1, routed)           1.812     3.277    clk_IBUF
    BUFGCTRL_X0Y1        BUFG (Prop_bufg_I_O)         0.085     3.362 r  clk_IBUF_BUFG_inst/O
                         net (fo=1, routed)           1.409     4.771    u_clk_div_2/clk
    SLICE_X60Y46         FDRE                                         r  u_clk_div_2/clk_div_reg/C
  -------------------------------------------------------------------    -------------------
    SLICE_X60Y46         FDRE (Prop_fdre_C_Q)         0.379     5.150 r  u_clk_div_2/clk_div_reg/Q
                         net (fo=2, routed)           0.610     5.760    dac_clk_out_OBUF
    BUFGCTRL_X0Y0        BUFG (Prop_bufg_I_O)         0.085     5.845 r  dac_clk_out_OBUF_BUFG_inst/O
                         net (fo=43, routed)          2.589     8.434    dac_clk_out_OBUF_BUFG
    Y13                  OBUF (Prop_obuf_I_O)         3.338    11.773 r  dac_clk_out_OBUF_inst/O
                         net (fo=0)                   0.000    11.773    dac_clk_out
    Y13                                                               r  dac_clk_out (OUT)
  -------------------------------------------------------------------    -------------------

Slack:                    inf
  Source:                 u_clk_div_2/clk_div_reg/C
                            (rising edge-triggered cell FDRE clocked by pl_clk  {rise@0.000ns fall@10.000ns period=20.000ns})
  Destination:            adc_clk_out
                            (output port)
  Path Group:             (none)
  Path Type:              Max at Slow Process Corner
  Data Path Delay:        6.923ns  (logic 3.712ns (53.615%)  route 3.211ns (46.385%))
  Logic Levels:           2  (BUFG=1 OBUF=1)
  Clock Uncertainty:      0.025ns  ((TSJ^2 + TIJ^2)^1/2 + DJ) / 2 + PE
    Total System Jitter     (TSJ):    0.050ns
    Total Input Jitter      (TIJ):    0.000ns
    Discrete Jitter          (DJ):    0.000ns
    Phase Error              (PE):    0.000ns

    Location             Delay type                Incr(ns)  Path(ns)    Netlist Resource(s)
  -------------------------------------------------------------------    -------------------
                         (clock pl_clk rise edge)     0.000     0.000 r  
    Y14                                               0.000     0.000 r  clk (IN)
                         net (fo=0)                   0.000     0.000    clk
    Y14                  IBUF (Prop_ibuf_I_O)         1.465     1.465 r  clk_IBUF_inst/O
                         net (fo=1, routed)           1.812     3.277    clk_IBUF
    BUFGCTRL_X0Y1        BUFG (Prop_bufg_I_O)         0.085     3.362 r  clk_IBUF_BUFG_inst/O
                         net (fo=1, routed)           1.409     4.771    u_clk_div_2/clk
    SLICE_X60Y46         FDRE                                         r  u_clk_div_2/clk_div_reg/C
  -------------------------------------------------------------------    -------------------
    SLICE_X60Y46         FDRE (Prop_fdre_C_Q)         0.379     5.150 r  u_clk_div_2/clk_div_reg/Q
                         net (fo=2, routed)           0.610     5.760    dac_clk_out_OBUF
    BUFGCTRL_X0Y0        BUFG (Prop_bufg_I_O)         0.085     5.845 r  dac_clk_out_OBUF_BUFG_inst/O
                         net (fo=43, routed)          2.601     8.446    dac_clk_out_OBUF_BUFG
    W18                  OBUF (Prop_obuf_I_O)         3.248    11.694 r  adc_clk_out_OBUF_inst/O
                         net (fo=0)                   0.000    11.694    adc_clk_out
    W18                                                               r  adc_clk_out (OUT)
  -------------------------------------------------------------------    -------------------





Min Delay Paths
--------------------------------------------------------------------------------------
Slack:                    inf
  Source:                 u_clk_div_2/clk_div_reg/C
                            (rising edge-triggered cell FDRE clocked by pl_clk  {rise@0.000ns fall@10.000ns period=20.000ns})
  Destination:            adc_clk_out
                            (output port)
  Path Group:             (none)
  Path Type:              Min at Fast Process Corner
  Data Path Delay:        2.410ns  (logic 1.370ns (56.858%)  route 1.040ns (43.142%))
  Logic Levels:           2  (BUFG=1 OBUF=1)
  Clock Uncertainty:      0.025ns  ((TSJ^2 + TIJ^2)^1/2 + DJ) / 2 + PE
    Total System Jitter     (TSJ):    0.050ns
    Total Input Jitter      (TIJ):    0.000ns
    Discrete Jitter          (DJ):    0.000ns
    Phase Error              (PE):    0.000ns

    Location             Delay type                Incr(ns)  Path(ns)    Netlist Resource(s)
  -------------------------------------------------------------------    -------------------
                         (clock pl_clk rise edge)     0.000     0.000 r  
    Y14                                               0.000     0.000 r  clk (IN)
                         net (fo=0)                   0.000     0.000    clk
    Y14                  IBUF (Prop_ibuf_I_O)         0.301     0.301 r  clk_IBUF_inst/O
                         net (fo=1, routed)           0.648     0.949    clk_IBUF
    BUFGCTRL_X0Y1        BUFG (Prop_bufg_I_O)         0.026     0.975 r  clk_IBUF_BUFG_inst/O
                         net (fo=1, routed)           0.559     1.534    u_clk_div_2/clk
    SLICE_X60Y46         FDRE                                         r  u_clk_div_2/clk_div_reg/C
  -------------------------------------------------------------------    -------------------
    SLICE_X60Y46         FDRE (Prop_fdre_C_Q)         0.141     1.675 r  u_clk_div_2/clk_div_reg/Q
                         net (fo=2, routed)           0.273     1.948    dac_clk_out_OBUF
    BUFGCTRL_X0Y0        BUFG (Prop_bufg_I_O)         0.026     1.974 r  dac_clk_out_OBUF_BUFG_inst/O
                         net (fo=43, routed)          0.767     2.741    dac_clk_out_OBUF_BUFG
    W18                  OBUF (Prop_obuf_I_O)         1.203     3.944 r  adc_clk_out_OBUF_inst/O
                         net (fo=0)                   0.000     3.944    adc_clk_out
    W18                                                               r  adc_clk_out (OUT)
  -------------------------------------------------------------------    -------------------

Slack:                    inf
  Source:                 u_clk_div_2/clk_div_reg/C
                            (rising edge-triggered cell FDRE clocked by pl_clk  {rise@0.000ns fall@10.000ns period=20.000ns})
  Destination:            dac_clk_out
                            (output port)
  Path Group:             (none)
  Path Type:              Min at Fast Process Corner
  Data Path Delay:        2.492ns  (logic 1.460ns (58.597%)  route 1.032ns (41.403%))
  Logic Levels:           2  (BUFG=1 OBUF=1)
  Clock Uncertainty:      0.025ns  ((TSJ^2 + TIJ^2)^1/2 + DJ) / 2 + PE
    Total System Jitter     (TSJ):    0.050ns
    Total Input Jitter      (TIJ):    0.000ns
    Discrete Jitter          (DJ):    0.000ns
    Phase Error              (PE):    0.000ns

    Location             Delay type                Incr(ns)  Path(ns)    Netlist Resource(s)
  -------------------------------------------------------------------    -------------------
                         (clock pl_clk rise edge)     0.000     0.000 r  
    Y14                                               0.000     0.000 r  clk (IN)
                         net (fo=0)                   0.000     0.000    clk
    Y14                  IBUF (Prop_ibuf_I_O)         0.301     0.301 r  clk_IBUF_inst/O
                         net (fo=1, routed)           0.648     0.949    clk_IBUF
    BUFGCTRL_X0Y1        BUFG (Prop_bufg_I_O)         0.026     0.975 r  clk_IBUF_BUFG_inst/O
                         net (fo=1, routed)           0.559     1.534    u_clk_div_2/clk
    SLICE_X60Y46         FDRE                                         r  u_clk_div_2/clk_div_reg/C
  -------------------------------------------------------------------    -------------------
    SLICE_X60Y46         FDRE (Prop_fdre_C_Q)         0.141     1.675 r  u_clk_div_2/clk_div_reg/Q
                         net (fo=2, routed)           0.273     1.948    dac_clk_out_OBUF
    BUFGCTRL_X0Y0        BUFG (Prop_bufg_I_O)         0.026     1.974 r  dac_clk_out_OBUF_BUFG_inst/O
                         net (fo=43, routed)          0.759     2.733    dac_clk_out_OBUF_BUFG
    Y13                  OBUF (Prop_obuf_I_O)         1.293     4.026 r  dac_clk_out_OBUF_inst/O
                         net (fo=0)                   0.000     4.026    dac_clk_out
    Y13                                                               r  dac_clk_out (OUT)
  -------------------------------------------------------------------    -------------------





