Copyright 1986-2022 Xilinx, Inc. All Rights Reserved. Copyright 2022-2025 Advanced Micro Devices, Inc. All Rights Reserved.
---------------------------------------------------------------------------------------------------------------------------------------------
| Tool Version : Vivado v.2025.1 (lin64) Build 6140274 Wed May 21 22:58:25 MDT 2025
| Date         : Thu Mar 19 13:26:08 2026
| Host         : ThinkpadT14s running 64-bit Ubuntu 24.04.4 LTS
| Command      : report_control_sets -verbose -file system_bd_wrapper_control_sets_placed.rpt
| Design       : system_bd_wrapper
| Device       : xc7z015
---------------------------------------------------------------------------------------------------------------------------------------------

Control Set Information

Table of Contents
-----------------
1. Summary
2. Histogram
3. Flip-Flop Distribution
4. Detailed Control Set Information

1. Summary
----------

+----------------------------------------------------------+-------+
|                          Status                          | Count |
+----------------------------------------------------------+-------+
| Total control sets                                       |    94 |
|    Minimum number of control sets                        |    94 |
|    Addition due to synthesis replication                 |     0 |
|    Addition due to physical synthesis replication        |     0 |
| Unused register locations in slices containing registers |   422 |
+----------------------------------------------------------+-------+
* Control sets can be merged at opt_design using control_set_merge or merge_equivalent_drivers
** Run report_qor_suggestions for automated merging and remapping suggestions


2. Histogram
------------

+--------------------+-------+
|       Fanout       | Count |
+--------------------+-------+
| Total control sets |    94 |
| >= 0 to < 4        |    45 |
| >= 4 to < 6        |    11 |
| >= 6 to < 8        |     3 |
| >= 8 to < 10       |    11 |
| >= 10 to < 12      |     1 |
| >= 12 to < 14      |     5 |
| >= 14 to < 16      |     0 |
| >= 16              |    18 |
+--------------------+-------+
* Control sets can be remapped at either synth_design or opt_design


3. Flip-Flop Distribution
-------------------------

+--------------+-----------------------+------------------------+-----------------+--------------+
| Clock Enable | Synchronous Set/Reset | Asynchronous Set/Reset | Total Registers | Total Slices |
+--------------+-----------------------+------------------------+-----------------+--------------+
| No           | No                    | No                     |             178 |           57 |
| No           | No                    | Yes                    |              75 |           25 |
| No           | Yes                   | No                     |             256 |          103 |
| Yes          | No                    | No                     |             236 |           57 |
| Yes          | No                    | Yes                    |               0 |            0 |
| Yes          | Yes                   | No                     |             329 |           88 |
+--------------+-----------------------+------------------------+-----------------+--------------+


4. Detailed Control Set Information
-----------------------------------

+----------------------------------------------------------+--------------------------------------------------------------------------------------------------------------------------------------------------------------------------------+-----------------------------------------------------------------------------------------------------------------------+------------------+----------------+--------------+
|                       Clock Signal                       |                                                                                  Enable Signal                                                                                 |                                                    Set/Reset Signal                                                   | Slice Load Count | Bel Load Count | Bels / Slice |
+----------------------------------------------------------+--------------------------------------------------------------------------------------------------------------------------------------------------------------------------------+-----------------------------------------------------------------------------------------------------------------------+------------------+----------------+--------------+
|  system_bd_i/processing_system7_0/inst/FCLK_CLK0         |                                                                                                                                                                                | system_bd_i/axi_smc/inst/switchboards/i_nodes/i_b_node/inst/s_sc_areset_pipe                                          |                1 |              1 |         1.00 |
|  system_bd_i/processing_system7_0/inst/FCLK_CLK0         |                                                                                                                                                                                | system_bd_i/axi_smc/inst/s00_nodes/s00_b_node/inst/s_sc_areset_pipe                                                   |                1 |              1 |         1.00 |
|  system_bd_i/processing_system7_0/inst/FCLK_CLK0         |                                                                                                                                                                                | system_bd_i/axi_smc/inst/s00_nodes/s00_aw_node/inst/s_sc_areset_pipe                                                  |                1 |              1 |         1.00 |
|  system_bd_i/processing_system7_0/inst/FCLK_CLK0         |                                                                                                                                                                                | system_bd_i/axi_smc/inst/s00_nodes/s00_ar_node/inst/s_sc_areset_pipe                                                  |                1 |              1 |         1.00 |
|  system_bd_i/processing_system7_0/inst/FCLK_CLK0         |                                                                                                                                                                                | system_bd_i/axi_smc/inst/s00_nodes/s00_r_node/inst/s_sc_areset_pipe                                                   |                1 |              1 |         1.00 |
|  system_bd_i/processing_system7_0/inst/FCLK_CLK0         |                                                                                                                                                                                | system_bd_i/axi_smc/inst/switchboards/i_nodes/i_w_node/inst/s_sc_areset_pipe                                          |                1 |              1 |         1.00 |
|  system_bd_i/processing_system7_0/inst/FCLK_CLK0         |                                                                                                                                                                                | system_bd_i/axi_smc/inst/s00_nodes/s00_w_node/inst/s_sc_areset_pipe                                                   |                1 |              1 |         1.00 |
|  system_bd_i/processing_system7_0/inst/FCLK_CLK0         |                                                                                                                                                                                | system_bd_i/axi_smc/inst/switchboards/i_nodes/i_ar_node/inst/s_sc_areset_pipe                                         |                1 |              1 |         1.00 |
|  system_bd_i/processing_system7_0/inst/FCLK_CLK0         |                                                                                                                                                                                | system_bd_i/axi_smc/inst/switchboards/i_nodes/i_aw_node/inst/s_sc_areset_pipe                                         |                1 |              1 |         1.00 |
|  system_bd_i/processing_system7_0/inst/FCLK_CLK0         |                                                                                                                                                                                | system_bd_i/axi_smc/inst/m00_nodes/m00_aw_node/inst/s_sc_areset_pipe                                                  |                1 |              1 |         1.00 |
|  system_bd_i/processing_system7_0/inst/FCLK_CLK0         |                                                                                                                                                                                | system_bd_i/axi_smc/inst/m00_nodes/m00_r_node/inst/s_sc_areset_pipe                                                   |                1 |              1 |         1.00 |
|  system_bd_i/processing_system7_0/inst/FCLK_CLK0         |                                                                                                                                                                                | system_bd_i/axi_smc/inst/m00_nodes/m00_b_node/inst/s_sc_areset_pipe                                                   |                1 |              1 |         1.00 |
|  system_bd_i/processing_system7_0/inst/FCLK_CLK0         |                                                                                                                                                                                | system_bd_i/axi_smc/inst/m01_nodes/m01_ar_node/inst/s_sc_areset_pipe                                                  |                1 |              1 |         1.00 |
|  system_bd_i/processing_system7_0/inst/FCLK_CLK0         |                                                                                                                                                                                | system_bd_i/axi_smc/inst/m00_nodes/m00_ar_node/inst/s_sc_areset_pipe                                                  |                1 |              1 |         1.00 |
|  system_bd_i/processing_system7_0/inst/FCLK_CLK0         |                                                                                                                                                                                | system_bd_i/axi_smc/inst/m00_nodes/m00_w_node/inst/s_sc_areset_pipe                                                   |                1 |              1 |         1.00 |
|  system_bd_i/processing_system7_0/inst/FCLK_CLK0         |                                                                                                                                                                                | system_bd_i/axi_smc/inst/switchboards/i_nodes/i_r_node/inst/s_sc_areset_pipe                                          |                1 |              1 |         1.00 |
|  system_bd_i/processing_system7_0/inst/FCLK_CLK0         |                                                                                                                                                                                | system_bd_i/axi_smc/inst/m01_nodes/m01_aw_node/inst/s_sc_areset_pipe                                                  |                1 |              1 |         1.00 |
|  system_bd_i/processing_system7_0/inst/FCLK_CLK0         |                                                                                                                                                                                | system_bd_i/axi_smc/inst/m01_nodes/m01_b_node/inst/s_sc_areset_pipe                                                   |                1 |              1 |         1.00 |
|  system_bd_i/processing_system7_0/inst/FCLK_CLK0         |                                                                                                                                                                                | system_bd_i/axi_smc/inst/m01_nodes/m01_w_node/inst/s_sc_areset_pipe                                                   |                1 |              1 |         1.00 |
|  system_bd_i/processing_system7_0/inst/FCLK_CLK0         |                                                                                                                                                                                | system_bd_i/axi_smc/inst/m01_nodes/m01_r_node/inst/s_sc_areset_pipe                                                   |                1 |              1 |         1.00 |
|  system_bd_i/processing_system7_0/inst/FCLK_CLK0         |                                                                                                                                                                                | system_bd_i/axi_smc/inst/switchboards/i_nodes/i_ar_node/inst/s_sc_xpm_cdc_async_rst_inst/reset_pol                    |                1 |              3 |         3.00 |
|  system_bd_i/processing_system7_0/inst/FCLK_CLK0         |                                                                                                                                                                                | system_bd_i/axi_smc/inst/s00_nodes/s00_r_node/inst/s_sc_xpm_cdc_async_rst_inst/reset_pol                              |                1 |              3 |         3.00 |
|  system_bd_i/processing_system7_0/inst/FCLK_CLK0         |                                                                                                                                                                                | system_bd_i/axi_smc/inst/m01_exit_pipeline/m01_exit/inst/xpm_cdc_async_rst_inst/reset_pol                             |                1 |              3 |         3.00 |
|  system_bd_i/processing_system7_0/inst/FCLK_CLK0         |                                                                                                                                                                                | system_bd_i/axi_smc/inst/s00_nodes/s00_w_node/inst/s_sc_xpm_cdc_async_rst_inst/reset_pol                              |                1 |              3 |         3.00 |
|  system_bd_i/processing_system7_0/inst/FCLK_CLK0         |                                                                                                                                                                                | system_bd_i/axi_smc/inst/m01_nodes/m01_aw_node/inst/s_sc_xpm_cdc_async_rst_inst/reset_pol                             |                1 |              3 |         3.00 |
|  system_bd_i/processing_system7_0/inst/FCLK_CLK0         |                                                                                                                                                                                | system_bd_i/axi_smc/inst/switchboards/i_nodes/i_aw_node/inst/s_sc_xpm_cdc_async_rst_inst/reset_pol                    |                1 |              3 |         3.00 |
|  system_bd_i/processing_system7_0/inst/FCLK_CLK0         |                                                                                                                                                                                | system_bd_i/axi_smc/inst/switchboards/i_nodes/i_w_node/inst/s_sc_xpm_cdc_async_rst_inst/reset_pol                     |                1 |              3 |         3.00 |
|  system_bd_i/processing_system7_0/inst/FCLK_CLK0         |                                                                                                                                                                                | system_bd_i/axi_smc/inst/switchboards/i_nodes/i_b_node/inst/s_sc_xpm_cdc_async_rst_inst/reset_pol                     |                1 |              3 |         3.00 |
|  system_bd_i/processing_system7_0/inst/FCLK_CLK0         |                                                                                                                                                                                | system_bd_i/axi_smc/inst/s00_entry_pipeline/s00_mmu/inst/xpm_cdc_async_rst_inst/reset_pol                             |                1 |              3 |         3.00 |
|  system_bd_i/processing_system7_0/inst/FCLK_CLK0         |                                                                                                                                                                                | system_bd_i/axi_smc/inst/switchboards/i_nodes/i_r_node/inst/s_sc_xpm_cdc_async_rst_inst/reset_pol                     |                1 |              3 |         3.00 |
|  system_bd_i/processing_system7_0/inst/FCLK_CLK0         |                                                                                                                                                                                | system_bd_i/axi_smc/inst/s00_nodes/s00_aw_node/inst/s_sc_xpm_cdc_async_rst_inst/reset_pol                             |                1 |              3 |         3.00 |
|  system_bd_i/processing_system7_0/inst/FCLK_CLK0         |                                                                                                                                                                                | system_bd_i/axi_smc/inst/m01_nodes/m01_r_node/inst/s_sc_xpm_cdc_async_rst_inst/reset_pol                              |                1 |              3 |         3.00 |
|  system_bd_i/processing_system7_0/inst/FCLK_CLK0         |                                                                                                                                                                                | system_bd_i/axi_smc/inst/m01_nodes/m01_w_node/inst/s_sc_xpm_cdc_async_rst_inst/reset_pol                              |                1 |              3 |         3.00 |
|  system_bd_i/processing_system7_0/inst/FCLK_CLK0         |                                                                                                                                                                                | system_bd_i/axi_smc/inst/m00_nodes/m00_ar_node/inst/s_sc_xpm_cdc_async_rst_inst/reset_pol                             |                1 |              3 |         3.00 |
|  system_bd_i/processing_system7_0/inst/FCLK_CLK0         |                                                                                                                                                                                | system_bd_i/axi_smc/inst/m00_nodes/m00_aw_node/inst/s_sc_xpm_cdc_async_rst_inst/reset_pol                             |                1 |              3 |         3.00 |
|  system_bd_i/processing_system7_0/inst/FCLK_CLK0         |                                                                                                                                                                                | system_bd_i/axi_smc/inst/m00_nodes/m00_b_node/inst/s_sc_xpm_cdc_async_rst_inst/reset_pol                              |                1 |              3 |         3.00 |
|  system_bd_i/processing_system7_0/inst/FCLK_CLK0         |                                                                                                                                                                                | system_bd_i/axi_smc/inst/m00_nodes/m00_r_node/inst/s_sc_xpm_cdc_async_rst_inst/reset_pol                              |                1 |              3 |         3.00 |
|  system_bd_i/processing_system7_0/inst/FCLK_CLK0         |                                                                                                                                                                                | system_bd_i/axi_smc/inst/m00_exit_pipeline/m00_exit/inst/xpm_cdc_async_rst_inst/reset_pol                             |                1 |              3 |         3.00 |
|  system_bd_i/processing_system7_0/inst/FCLK_CLK0         |                                                                                                                                                                                | system_bd_i/axi_smc/inst/m01_nodes/m01_b_node/inst/s_sc_xpm_cdc_async_rst_inst/reset_pol                              |                1 |              3 |         3.00 |
|  system_bd_i/processing_system7_0/inst/FCLK_CLK0         |                                                                                                                                                                                | system_bd_i/axi_smc/inst/m00_nodes/m00_w_node/inst/s_sc_xpm_cdc_async_rst_inst/reset_pol                              |                1 |              3 |         3.00 |
|  system_bd_i/processing_system7_0/inst/FCLK_CLK0         |                                                                                                                                                                                | system_bd_i/axi_smc/inst/s00_entry_pipeline/s00_si_converter/inst/xpm_cdc_async_rst_inst/reset_pol                    |                1 |              3 |         3.00 |
|  system_bd_i/processing_system7_0/inst/FCLK_CLK0         |                                                                                                                                                                                | system_bd_i/axi_smc/inst/s00_entry_pipeline/s00_transaction_regulator/inst/xpm_cdc_async_rst_inst/reset_pol           |                1 |              3 |         3.00 |
|  system_bd_i/processing_system7_0/inst/FCLK_CLK0         |                                                                                                                                                                                | system_bd_i/axi_smc/inst/m01_nodes/m01_ar_node/inst/s_sc_xpm_cdc_async_rst_inst/reset_pol                             |                1 |              3 |         3.00 |
|  system_bd_i/processing_system7_0/inst/FCLK_CLK0         |                                                                                                                                                                                | system_bd_i/axi_smc/inst/s00_nodes/s00_ar_node/inst/s_sc_xpm_cdc_async_rst_inst/reset_pol                             |                1 |              3 |         3.00 |
|  system_bd_i/processing_system7_0/inst/FCLK_CLK0         |                                                                                                                                                                                | system_bd_i/axi_smc/inst/s00_nodes/s00_b_node/inst/s_sc_xpm_cdc_async_rst_inst/reset_pol                              |                1 |              3 |         3.00 |
|  system_bd_i/processing_system7_0/inst/FCLK_CLK0         |                                                                                                                                                                                | system_bd_i/axi_gpio_1/U0/AXI_LITE_IPIF_I/I_SLAVE_ATTACHMENT/clear                                                    |                1 |              4 |         4.00 |
|  system_bd_i/processing_system7_0/inst/FCLK_CLK0         | system_bd_i/axi_gpio_0/U0/AXI_LITE_IPIF_I/I_SLAVE_ATTACHMENT/bus2ip_addr_i[8]_i_1_n_0                                                                                          | system_bd_i/axi_gpio_0/U0/AXI_LITE_IPIF_I/I_SLAVE_ATTACHMENT/SR[0]                                                    |                1 |              4 |         4.00 |
|  system_bd_i/processing_system7_0/inst/FCLK_CLK0         |                                                                                                                                                                                | system_bd_i/axi_smc/inst/clk_map/psr_aclk/U0/EXT_LPF/lpf_int                                                          |                2 |              4 |         2.00 |
|  system_bd_i/processing_system7_0/inst/FCLK_CLK0         | system_bd_i/axi_gpio_1/U0/AXI_LITE_IPIF_I/I_SLAVE_ATTACHMENT/bus2ip_addr_i[8]_i_1_n_0                                                                                          | system_bd_i/axi_gpio_1/U0/AXI_LITE_IPIF_I/I_SLAVE_ATTACHMENT/SR[0]                                                    |                1 |              4 |         4.00 |
|  system_bd_i/processing_system7_0/inst/FCLK_CLK0         | system_bd_i/axi_gpio_0/U0/AXI_LITE_IPIF_I/I_SLAVE_ATTACHMENT/start2                                                                                                            | system_bd_i/axi_gpio_0/U0/AXI_LITE_IPIF_I/I_SLAVE_ATTACHMENT/I_DECODER/cs_ce_clr                                      |                1 |              4 |         4.00 |
|  system_bd_i/processing_system7_0/inst/FCLK_CLK0         |                                                                                                                                                                                | system_bd_i/proc_sys_reset_0/U0/EXT_LPF/lpf_int                                                                       |                2 |              4 |         2.00 |
|  system_bd_i/processing_system7_0/inst/FCLK_CLK0         | system_bd_i/axi_gpio_1/U0/AXI_LITE_IPIF_I/I_SLAVE_ATTACHMENT/start2                                                                                                            | system_bd_i/axi_gpio_1/U0/AXI_LITE_IPIF_I/I_SLAVE_ATTACHMENT/I_DECODER/cs_ce_clr                                      |                1 |              4 |         4.00 |
|  system_bd_i/processing_system7_0/inst/FCLK_CLK0         |                                                                                                                                                                                | system_bd_i/axi_gpio_0/U0/AXI_LITE_IPIF_I/I_SLAVE_ATTACHMENT/clear                                                    |                1 |              4 |         4.00 |
|  system_bd_i/processing_system7_0/inst/FCLK_CLK0         | system_bd_i/axi_smc/inst/s00_entry_pipeline/s00_si_converter/inst/gen_axilite_conv.axilite_conv_inst/r_state                                                                   | system_bd_i/axi_smc/inst/s00_entry_pipeline/s00_si_converter/inst/areset                                              |                2 |              4 |         2.00 |
|  system_bd_i/processing_system7_0/inst/FCLK_CLK0         | system_bd_i/axi_smc/inst/switchboards/i_nodes/i_aw_node/inst/inst_mi_handler/gen_normal_area.inst_fifo_node_payld/gen_reg_fifo.inst_reg_fifo/gen_single_rank.data[132]_i_1_n_0 |                                                                                                                       |                2 |              5 |         2.50 |
|  system_bd_i/processing_system7_0/inst/FCLK_CLK0         | system_bd_i/axi_smc/inst/switchboards/i_nodes/i_ar_node/inst/inst_mi_handler/gen_normal_area.inst_fifo_node_payld/gen_reg_fifo.inst_reg_fifo/gen_single_rank.data[132]_i_1_n_0 |                                                                                                                       |                3 |              5 |         1.67 |
|  system_bd_i/processing_system7_0/inst/FCLK_CLK0         | system_bd_i/proc_sys_reset_0/U0/SEQ/seq_cnt_en                                                                                                                                 | system_bd_i/proc_sys_reset_0/U0/SEQ/SEQ_COUNTER/clear                                                                 |                1 |              6 |         6.00 |
|  system_bd_i/processing_system7_0/inst/FCLK_CLK0         | system_bd_i/axi_smc/inst/clk_map/psr_aclk/U0/SEQ/seq_cnt_en                                                                                                                    | system_bd_i/axi_smc/inst/clk_map/psr_aclk/U0/SEQ/SEQ_COUNTER/clear                                                    |                1 |              6 |         6.00 |
|  system_bd_i/fra_top_0/inst/u_clk_div_2/dac_clk_out_BUFG |                                                                                                                                                                                | system_bd_i/fra_top_0/inst/u_dds/sine_rom_inst/SR[0]                                                                  |                4 |              7 |         1.75 |
|  system_bd_i/processing_system7_0/inst/FCLK_CLK0         | system_bd_i/axi_smc/inst/s00_entry_pipeline/s00_si_converter/inst/gen_axilite_conv.axilite_conv_inst/ar_cnt[7]_i_1_n_0                                                         | system_bd_i/axi_smc/inst/s00_entry_pipeline/s00_si_converter/inst/areset                                              |                3 |              8 |         2.67 |
|  system_bd_i/processing_system7_0/inst/FCLK_CLK0         | system_bd_i/axi_smc/inst/s00_entry_pipeline/s00_si_converter/inst/gen_axilite_conv.axilite_conv_inst/r_beats[7]_i_1_n_0                                                        | system_bd_i/axi_smc/inst/s00_entry_pipeline/s00_si_converter/inst/areset                                              |                4 |              8 |         2.00 |
|  system_bd_i/processing_system7_0/inst/FCLK_CLK0         | system_bd_i/axi_gpio_1/U0/AXI_LITE_IPIF_I/I_SLAVE_ATTACHMENT/I_DECODER/E[0]                                                                                                    | system_bd_i/axi_gpio_1/U0/AXI_LITE_IPIF_I/I_SLAVE_ATTACHMENT/SR[0]                                                    |                1 |              8 |         8.00 |
|  system_bd_i/processing_system7_0/inst/FCLK_CLK0         |                                                                                                                                                                                | system_bd_i/axi_smc/inst/switchboards/i_nodes/i_r_node/inst/inst_si_handler/areset_r                                  |                3 |              8 |         2.67 |
|  system_bd_i/processing_system7_0/inst/FCLK_CLK0         |                                                                                                                                                                                | system_bd_i/axi_smc/inst/switchboards/i_nodes/i_b_node/inst/inst_si_handler/areset_r                                  |                3 |              8 |         2.67 |
|  system_bd_i/processing_system7_0/inst/FCLK_CLK0         | system_bd_i/axi_smc/inst/s00_entry_pipeline/s00_mmu/inst/gen_endpoint.decerr_slave_inst/gen_axi.gen_read.read_cnt[7]_i_1_n_0                                                   | system_bd_i/axi_smc/inst/s00_entry_pipeline/s00_mmu/inst/areset                                                       |                3 |              8 |         2.67 |
|  system_bd_i/processing_system7_0/inst/FCLK_CLK0         | system_bd_i/axi_smc/inst/s00_entry_pipeline/s00_si_converter/inst/gen_axilite_conv.axilite_conv_inst/w_cnt[8]_i_1_n_0                                                          | system_bd_i/axi_smc/inst/s00_entry_pipeline/s00_si_converter/inst/areset                                              |                2 |              9 |         4.50 |
|  system_bd_i/processing_system7_0/inst/FCLK_CLK0         | system_bd_i/axi_smc/inst/s00_entry_pipeline/s00_si_converter/inst/gen_axilite_conv.axilite_conv_inst/s_buser                                                                   | system_bd_i/axi_smc/inst/s00_entry_pipeline/s00_si_converter/inst/gen_axilite_conv.axilite_conv_inst/b_cnt[8]_i_1_n_0 |                3 |              9 |         3.00 |
|  system_bd_i/fra_top_0/inst/u_clk_div_2/dac_clk_out_BUFG |                                                                                                                                                                                | system_bd_i/fra_top_0/inst/u_dds/SS[0]                                                                                |                5 |              9 |         1.80 |
|  system_bd_i/processing_system7_0/inst/FCLK_CLK0         | system_bd_i/axi_gpio_1/U0/AXI_LITE_IPIF_I/I_SLAVE_ATTACHMENT/s_axi_rresp_i                                                                                                     | system_bd_i/axi_gpio_1/U0/AXI_LITE_IPIF_I/I_SLAVE_ATTACHMENT/SR[0]                                                    |                3 |              9 |         3.00 |
|  system_bd_i/processing_system7_0/inst/FCLK_CLK0         |                                                                                                                                                                                | system_bd_i/axi_gpio_1/U0/AXI_LITE_IPIF_I/I_SLAVE_ATTACHMENT/I_DECODER/bus2ip_rnw_i_reg                               |                3 |              9 |         3.00 |
|  system_bd_i/processing_system7_0/inst/FCLK_CLK0         | system_bd_i/axi_smc/inst/s00_entry_pipeline/s00_si_converter/inst/gen_axilite_conv.axilite_conv_inst/ar_addr_d[8]_i_1_n_0                                                      | system_bd_i/axi_smc/inst/s00_entry_pipeline/s00_si_converter/inst/areset                                              |                4 |             10 |         2.50 |
|  system_bd_i/processing_system7_0/inst/FCLK_CLK0         | system_bd_i/axi_smc/inst/s00_entry_pipeline/s00_si_converter/inst/gen_axilite_conv.axilite_conv_inst/aw_addr[8]_i_1_n_0                                                        | system_bd_i/axi_smc/inst/s00_entry_pipeline/s00_si_converter/inst/areset                                              |                6 |             12 |         2.00 |
|  system_bd_i/processing_system7_0/inst/FCLK_CLK0         | system_bd_i/axi_smc/inst/s00_entry_pipeline/s00_transaction_regulator/inst/gen_endpoint.gen_r_singleorder.r_singleorder/gen_id_reg.s_rid_i0                                    |                                                                                                                       |                4 |             12 |         3.00 |
|  system_bd_i/processing_system7_0/inst/FCLK_CLK0         | system_bd_i/axi_smc/inst/s00_entry_pipeline/s00_transaction_regulator/inst/gen_endpoint.gen_w_singleorder.w_singleorder/gen_id_reg.s_rid_i0                                    |                                                                                                                       |                3 |             12 |         4.00 |
|  system_bd_i/processing_system7_0/inst/FCLK_CLK0         | system_bd_i/axi_smc/inst/s00_entry_pipeline/s00_mmu/inst/gen_endpoint.decerr_slave_inst/gen_axi.gen_read.s_axi_rid_i[11]_i_1_n_0                                               | system_bd_i/axi_smc/inst/s00_entry_pipeline/s00_mmu/inst/areset                                                       |                4 |             12 |         3.00 |
|  system_bd_i/processing_system7_0/inst/FCLK_CLK0         | system_bd_i/axi_smc/inst/s00_entry_pipeline/s00_mmu/inst/gen_endpoint.decerr_slave_inst/gen_axi.gen_write.s_axi_bid_i[11]_i_1_n_0                                              | system_bd_i/axi_smc/inst/s00_entry_pipeline/s00_mmu/inst/areset                                                       |                3 |             12 |         4.00 |
|  system_bd_i/processing_system7_0/inst/FCLK_CLK0         |                                                                                                                                                                                | system_bd_i/axi_smc/inst/s00_entry_pipeline/s00_si_converter/inst/areset                                              |               11 |             20 |         1.82 |
|  system_bd_i/processing_system7_0/inst/FCLK_CLK0         |                                                                                                                                                                                | system_bd_i/axi_smc/inst/s00_entry_pipeline/s00_mmu/inst/areset                                                       |               12 |             23 |         1.92 |
|  system_bd_i/processing_system7_0/inst/FCLK_CLK0         |                                                                                                                                                                                | system_bd_i/axi_gpio_1/U0/AXI_LITE_IPIF_I/I_SLAVE_ATTACHMENT/SR[0]                                                    |                8 |             25 |         3.12 |
|  system_bd_i/processing_system7_0/inst/FCLK_CLK0         | system_bd_i/axi_smc/inst/switchboards/i_nodes/i_r_node/inst/inst_si_handler/gen_si_handler.gen_arbiter_rr_minimal_area.inst_arbiter/s_sc_valid                                 |                                                                                                                       |                4 |             32 |         8.00 |
|  system_bd_i/fra_top_0/inst/u_clk_div_2/dac_clk_out_BUFG | system_bd_i/axi_gpio_1/U0/gpio_core_1/gpio2_io_o[0]                                                                                                                            | system_bd_i/fra_top_0/inst/u_dds/SS[0]                                                                                |                8 |             32 |         4.00 |
|  system_bd_i/processing_system7_0/inst/FCLK_CLK0         | system_bd_i/axi_smc/inst/s00_entry_pipeline/s00_si_converter/inst/gen_axilite_conv.axilite_conv_inst/s_axi_rdata_i[31]_i_1_n_0                                                 | system_bd_i/axi_smc/inst/s00_entry_pipeline/s00_si_converter/inst/areset                                              |                7 |             32 |         4.57 |
|  system_bd_i/processing_system7_0/inst/FCLK_CLK0         | system_bd_i/axi_smc/inst/s00_entry_pipeline/s00_si_converter/inst/gen_axilite_conv.axilite_conv_inst/m_aruser                                                                  | system_bd_i/axi_smc/inst/s00_entry_pipeline/s00_si_converter/inst/areset                                              |                9 |             32 |         3.56 |
|  system_bd_i/processing_system7_0/inst/FCLK_CLK0         | system_bd_i/axi_gpio_0/U0/AXI_LITE_IPIF_I/I_SLAVE_ATTACHMENT/I_DECODER/E[0]                                                                                                    | system_bd_i/axi_gpio_0/U0/AXI_LITE_IPIF_I/I_SLAVE_ATTACHMENT/SR[0]                                                    |                7 |             32 |         4.57 |
|  system_bd_i/processing_system7_0/inst/FCLK_CLK0         | system_bd_i/axi_gpio_0/U0/AXI_LITE_IPIF_I/I_SLAVE_ATTACHMENT/I_DECODER/bus2ip_rnw_i_reg[0]                                                                                     | system_bd_i/axi_gpio_0/U0/AXI_LITE_IPIF_I/I_SLAVE_ATTACHMENT/SR[0]                                                    |                7 |             32 |         4.57 |
|  system_bd_i/processing_system7_0/inst/FCLK_CLK0         | system_bd_i/axi_gpio_0/U0/AXI_LITE_IPIF_I/I_SLAVE_ATTACHMENT/s_axi_rresp_i                                                                                                     | system_bd_i/axi_gpio_0/U0/AXI_LITE_IPIF_I/I_SLAVE_ATTACHMENT/SR[0]                                                    |                6 |             32 |         5.33 |
|  system_bd_i/processing_system7_0/inst/FCLK_CLK0         | system_bd_i/axi_smc/inst/s00_entry_pipeline/s00_mmu/inst/aw_reg_stall/skid_buffer[1136]_i_1__0_n_0                                                                             |                                                                                                                       |                7 |             34 |         4.86 |
|  system_bd_i/processing_system7_0/inst/FCLK_CLK0         | system_bd_i/axi_smc/inst/s00_entry_pipeline/s00_mmu/inst/aw_reg_stall/m_vector_i                                                                                               |                                                                                                                       |                8 |             34 |         4.25 |
|  system_bd_i/processing_system7_0/inst/FCLK_CLK0         | system_bd_i/axi_smc/inst/s00_entry_pipeline/s00_mmu/inst/ar_reg_stall/skid_buffer[1136]_i_1_n_0                                                                                |                                                                                                                       |                8 |             34 |         4.25 |
|  system_bd_i/processing_system7_0/inst/FCLK_CLK0         | system_bd_i/axi_smc/inst/switchboards/i_nodes/i_w_node/inst/inst_mi_handler/gen_normal_area.inst_fifo_node_payld/gen_reg_fifo.inst_reg_fifo/gen_single_rank.data[54]_i_1_n_0   |                                                                                                                       |               10 |             34 |         3.40 |
|  system_bd_i/processing_system7_0/inst/FCLK_CLK0         | system_bd_i/axi_smc/inst/s00_entry_pipeline/s00_mmu/inst/ar_reg_stall/m_vector_i                                                                                               |                                                                                                                       |                8 |             34 |         4.25 |
|  system_bd_i/processing_system7_0/inst/FCLK_CLK0         |                                                                                                                                                                                | system_bd_i/axi_gpio_0/U0/AXI_LITE_IPIF_I/I_SLAVE_ATTACHMENT/SR[0]                                                    |               16 |             47 |         2.94 |
|  system_bd_i/processing_system7_0/inst/FCLK_CLK0         |                                                                                                                                                                                | system_bd_i/axi_gpio_0/U0/AXI_LITE_IPIF_I/I_SLAVE_ATTACHMENT/I_DECODER/bus2ip_rnw_i_reg_0                             |               12 |             64 |         5.33 |
|  system_bd_i/processing_system7_0/inst/FCLK_CLK0         |                                                                                                                                                                                |                                                                                                                       |               58 |            180 |         3.10 |
+----------------------------------------------------------+--------------------------------------------------------------------------------------------------------------------------------------------------------------------------------+-----------------------------------------------------------------------------------------------------------------------+------------------+----------------+--------------+


