Copyright 1986-2022 Xilinx, Inc. All Rights Reserved. Copyright 2022-2025 Advanced Micro Devices, Inc. All Rights Reserved.
-------------------------------------------------------------------------------------------------------------------------------------------------------------------------
| Tool Version     : Vivado v.2025.1 (win64) Build 6140274 Thu May 22 00:12:29 MDT 2025
| Date             : Sun Jun  7 01:57:23 2026
| Host             : DESKTOP-QGTME97 running 64-bit major release  (build 9200)
| Command          : report_power -file system_bd_wrapper_power_routed.rpt -pb system_bd_wrapper_power_summary_routed.pb -rpx system_bd_wrapper_power_routed.rpx
| Design           : system_bd_wrapper
| Device           : xc7z015clg485-2
| Design State     : routed
| Grade            : commercial
| Process          : typical
| Characterization : Production
-------------------------------------------------------------------------------------------------------------------------------------------------------------------------

Power Report

Table of Contents
-----------------
1. Summary
1.1 On-Chip Components
1.2 Power Supply Summary
1.3 Confidence Level
2. Settings
2.1 Environment
2.2 Clock Constraints
3. Detailed Reports
3.1 By Hierarchy

1. Summary
----------

+--------------------------+--------------+
| Total On-Chip Power (W)  | 2.025        |
| Design Power Budget (W)  | Unspecified* |
| Power Budget Margin (W)  | NA           |
| Dynamic (W)              | 1.898        |
| Device Static (W)        | 0.127        |
| Effective TJA (C/W)      | 4.6          |
| Max Ambient (C)          | 75.7         |
| Junction Temperature (C) | 34.3         |
| Confidence Level         | Low          |
| Setting File             | ---          |
| Simulation Activity File | ---          |
| Design Nets Matched      | NA           |
+--------------------------+--------------+
* Specify Design Power Budget using, set_operating_conditions -design_power_budget <value in Watts>


1.1 On-Chip Components
----------------------

+--------------------------+-----------+----------+-----------+-----------------+
| On-Chip                  | Power (W) | Used     | Available | Utilization (%) |
+--------------------------+-----------+----------+-----------+-----------------+
| Clocks                   |     0.023 |       12 |       --- |             --- |
| Slice Logic              |     0.022 |    25681 |       --- |             --- |
|   LUT as Logic           |     0.018 |    11626 |     46200 |           25.16 |
|   CARRY4                 |     0.003 |      956 |     11550 |            8.28 |
|   Register               |    <0.001 |     9094 |     92400 |            9.84 |
|   F7/F8 Muxes            |    <0.001 |      206 |     46200 |            0.45 |
|   LUT as Distributed RAM |    <0.001 |       80 |     14400 |            0.56 |
|   Others                 |     0.000 |      483 |       --- |             --- |
|   LUT as Shift Register  |     0.000 |       11 |     14400 |            0.08 |
| Signals                  |     0.020 |    18817 |       --- |             --- |
| Block RAM                |     0.008 |     12.5 |        95 |           13.16 |
| MMCM                     |     0.107 |        1 |         3 |           33.33 |
| I/O                      |     0.010 |       19 |       150 |           12.67 |
| GTP                      |     0.149 |        1 |       --- |             --- |
| PS7                      |     1.534 |        1 |       --- |             --- |
| Hard IPs                 |     0.025 |        1 |       --- |             --- |
|   PCIE                   |     0.025 |        1 |         1 |          100.00 |
| Static Power             |     0.127 |          |           |                 |
| Total                    |     2.025 |          |           |                 |
+--------------------------+-----------+----------+-----------+-----------------+


1.2 Power Supply Summary
------------------------

+-----------+-------------+-----------+-------------+------------+-------------+-------------+------------+
| Source    | Voltage (V) | Total (A) | Dynamic (A) | Static (A) | Powerup (A) | Budget (A)  | Margin (A) |
+-----------+-------------+-----------+-------------+------------+-------------+-------------+------------+
| Vccint    |       1.000 |     0.121 |       0.110 |      0.011 |       NA    | Unspecified | NA         |
| Vccaux    |       1.800 |     0.071 |       0.059 |      0.011 |       NA    | Unspecified | NA         |
| Vcco33    |       3.300 |     0.004 |       0.003 |      0.001 |       NA    | Unspecified | NA         |
| Vcco25    |       2.500 |     0.000 |       0.000 |      0.000 |       NA    | Unspecified | NA         |
| Vcco18    |       1.800 |     0.000 |       0.000 |      0.000 |       NA    | Unspecified | NA         |
| Vcco15    |       1.500 |     0.000 |       0.000 |      0.000 |       NA    | Unspecified | NA         |
| Vcco135   |       1.350 |     0.000 |       0.000 |      0.000 |       NA    | Unspecified | NA         |
| Vcco12    |       1.200 |     0.000 |       0.000 |      0.000 |       NA    | Unspecified | NA         |
| Vccaux_io |       1.800 |     0.000 |       0.000 |      0.000 |       NA    | Unspecified | NA         |
| Vccbram   |       1.000 |     0.002 |       0.001 |      0.001 |       NA    | Unspecified | NA         |
| MGTAVcc   |       1.000 |     0.069 |       0.067 |      0.002 |       NA    | Unspecified | NA         |
| MGTAVtt   |       1.200 |     0.062 |       0.059 |      0.003 |       NA    | Unspecified | NA         |
| MGTVccaux |       1.800 |     0.000 |       0.000 |      0.000 |       NA    | Unspecified | NA         |
| Vccpint   |       1.000 |     0.746 |       0.724 |      0.022 |       NA    | Unspecified | NA         |
| Vccpaux   |       1.800 |     0.061 |       0.050 |      0.010 |       NA    | Unspecified | NA         |
| Vccpll    |       1.800 |     0.019 |       0.016 |      0.003 |       NA    | Unspecified | NA         |
| Vcco_ddr  |       1.500 |     0.459 |       0.457 |      0.002 |       NA    | Unspecified | NA         |
| Vcco_mio0 |       1.800 |     0.004 |       0.003 |      0.001 |       NA    | Unspecified | NA         |
| Vcco_mio1 |       1.800 |     0.000 |       0.000 |      0.000 |       NA    | Unspecified | NA         |
| Vccadc    |       1.800 |     0.020 |       0.000 |      0.020 |       NA    | Unspecified | NA         |
+-----------+-------------+-----------+-------------+------------+-------------+-------------+------------+


1.3 Confidence Level
--------------------

+-----------------------------+------------+--------------------------------------------------------+------------------------------------------------------------------------------------------------------------+
| User Input Data             | Confidence | Details                                                | Action                                                                                                     |
+-----------------------------+------------+--------------------------------------------------------+------------------------------------------------------------------------------------------------------------+
| Design implementation state | High       | Design is routed                                       |                                                                                                            |
| Clock nodes activity        | High       | User specified more than 95% of clocks                 |                                                                                                            |
| I/O nodes activity          | Low        | More than 75% of inputs are missing user specification | Provide missing input activity with simulation results or by editing the "By Resource Type -> I/Os" view   |
| Internal nodes activity     | Medium     | User specified less than 25% of internal nodes         | Provide missing internal nodes activity with simulation results or by editing the "By Resource Type" views |
| Device models               | High       | Device models are Production                           |                                                                                                            |
|                             |            |                                                        |                                                                                                            |
| Overall confidence level    | Low        |                                                        |                                                                                                            |
+-----------------------------+------------+--------------------------------------------------------+------------------------------------------------------------------------------------------------------------+


2. Settings
-----------

2.1 Environment
---------------

+-----------------------+--------------------------+
| Ambient Temp (C)      | 25.0                     |
| ThetaJA (C/W)         | 4.6                      |
| Airflow (LFM)         | 250                      |
| Heat Sink             | medium (Medium Profile)  |
| ThetaSA (C/W)         | 4.6                      |
| Board Selection       | medium (10"x10")         |
| # of Board Layers     | 12to15 (12 to 15 Layers) |
| Board Temperature (C) | 25.0                     |
+-----------------------+--------------------------+


2.2 Clock Constraints
---------------------

+---------------------------------+---------------------------------------------------------------------------------------------------------------------------------------------------------------------------------------------------------------------------------------------+-----------------+
| Clock                           | Domain                                                                                                                                                                                                                                      | Constraint (ns) |
+---------------------------------+---------------------------------------------------------------------------------------------------------------------------------------------------------------------------------------------------------------------------------------------+-----------------+
| clk_125mhz                      | system_bd_i/axi_pcie_0/inst/comp_axi_enhanced_pcie/comp_enhanced_core_top_wrap/axi_pcie_enhanced_core_top_i/pcie_7x_v2_0_2_inst/pcie_top_with_gt_top.gt_ges.gt_top_i/pipe_wrapper_i/pipe_clock_int.pipe_clock_i/clk_125mhz                  |             8.0 |
| clk_250mhz                      | system_bd_i/axi_pcie_0/inst/comp_axi_enhanced_pcie/comp_enhanced_core_top_wrap/axi_pcie_enhanced_core_top_i/pcie_7x_v2_0_2_inst/pcie_top_with_gt_top.gt_ges.gt_top_i/pipe_wrapper_i/pipe_clock_int.pipe_clock_i/clk_250mhz                  |             4.0 |
| clk_fpga_0                      | system_bd_i/processing_system7_0/inst/FCLK_CLK_unbuffered[0]                                                                                                                                                                                |            20.0 |
| mmcm_fb                         | system_bd_i/axi_pcie_0/inst/comp_axi_enhanced_pcie/comp_enhanced_core_top_wrap/axi_pcie_enhanced_core_top_i/pcie_7x_v2_0_2_inst/pcie_top_with_gt_top.gt_ges.gt_top_i/pipe_wrapper_i/pipe_clock_int.pipe_clock_i/mmcm_fb                     |            10.0 |
| oobclk_125mhz_master_lane0_X0Y0 | system_bd_i/axi_pcie_0/inst/comp_axi_enhanced_pcie/comp_enhanced_core_top_wrap/axi_pcie_enhanced_core_top_i/pcie_7x_v2_0_2_inst/pcie_top_with_gt_top.gt_ges.gt_top_i/pipe_wrapper_i/pipe_lane[0].pipe_user_i/user_oobclk                    |            16.0 |
| pcie_refclk                     | pcie_refclk_p                                                                                                                                                                                                                               |            10.0 |
| txoutclk                        | system_bd_i/axi_pcie_0/inst/comp_axi_enhanced_pcie/comp_enhanced_core_top_wrap/axi_pcie_enhanced_core_top_i/pcie_7x_v2_0_2_inst/pcie_top_with_gt_top.gt_ges.gt_top_i/pipe_wrapper_i/pipe_lane[0].gt_wrapper_i/gtp_channel.gtpe2_channel_i_6 |            10.0 |
| userclk1                        | system_bd_i/axi_pcie_0/inst/comp_axi_enhanced_pcie/comp_enhanced_core_top_wrap/axi_pcie_enhanced_core_top_i/pcie_7x_v2_0_2_inst/pcie_top_with_gt_top.gt_ges.gt_top_i/pipe_wrapper_i/pipe_clock_int.pipe_clock_i/userclk1                    |            16.0 |
+---------------------------------+---------------------------------------------------------------------------------------------------------------------------------------------------------------------------------------------------------------------------------------------+-----------------+


3. Detailed Reports
-------------------

3.1 By Hierarchy
----------------

+--------------------------+-----------+
| Name                     | Power (W) |
+--------------------------+-----------+
| system_bd_wrapper        |     1.898 |
|   system_bd_i            |     1.888 |
|     axi_pcie_0           |     0.338 |
|       inst               |     0.338 |
|     axi_smc              |     0.003 |
|       inst               |     0.003 |
|     fra_core_0           |     0.009 |
|       inst               |     0.009 |
|     pcie_smc             |     0.003 |
|       inst               |     0.003 |
|     processing_system7_0 |     1.534 |
|       inst               |     1.534 |
+--------------------------+-----------+


