
*** Running vivado
    with args -log system_bd_axi_gpio_1_0.vds -m64 -product Vivado -mode batch -messageDb vivado.pb -notrace -source system_bd_axi_gpio_1_0.tcl


****** Vivado v2025.1 (64-bit)
  **** SW Build 6140274 on Wed May 21 22:58:25 MDT 2025
  **** IP Build 6138677 on Thu May 22 03:10:11 MDT 2025
  **** SharedData Build 6139179 on Tue May 20 17:58:58 MDT 2025
  **** Start of session at: Thu Mar 19 13:11:23 2026
    ** Copyright 1986-2022 Xilinx, Inc. All Rights Reserved.
    ** Copyright 2022-2025 Advanced Micro Devices, Inc. All Rights Reserved.

source system_bd_axi_gpio_1_0.tcl -notrace
Command: synth_design -top system_bd_axi_gpio_1_0 -part xc7z015clg485-2 -incremental_mode off -mode out_of_context
Starting synth_design
Attempting to get a license for feature 'Synthesis' and/or device 'xc7z015'
INFO: [Common 17-349] Got license for feature 'Synthesis' and/or device 'xc7z015'
INFO: [Device 21-403] Loading part xc7z015clg485-2
INFO: [Synth 8-7079] Multithreading enabled for synth_design using a maximum of 7 processes.
INFO: [Synth 8-7078] Launching helper process for spawning children vivado processes
INFO: [Synth 8-7075] Helper process launched with PID 18422
---------------------------------------------------------------------------------
Starting RTL Elaboration : Time (s): cpu = 00:00:05 ; elapsed = 00:00:05 . Memory (MB): peak = 2123.418 ; gain = 441.711 ; free physical = 159 ; free virtual = 6824
---------------------------------------------------------------------------------
INFO: [Synth 8-638] synthesizing module 'system_bd_axi_gpio_1_0' [/home/thomas/Documents/git/PCIE_FRA/hardware/fra_zynq7015_pcie/fra_zynq7015_pcie.gen/sources_1/bd/system_bd/ip/system_bd_axi_gpio_1_0/synth/system_bd_axi_gpio_1_0.vhd:85]
	Parameter C_FAMILY bound to: zynq - type: string 
	Parameter C_S_AXI_ADDR_WIDTH bound to: 9 - type: integer 
	Parameter C_S_AXI_DATA_WIDTH bound to: 32 - type: integer 
	Parameter C_GPIO_WIDTH bound to: 8 - type: integer 
	Parameter C_GPIO2_WIDTH bound to: 1 - type: integer 
	Parameter C_ALL_INPUTS bound to: 0 - type: integer 
	Parameter C_ALL_INPUTS_2 bound to: 0 - type: integer 
	Parameter C_ALL_OUTPUTS bound to: 1 - type: integer 
	Parameter C_ALL_OUTPUTS_2 bound to: 1 - type: integer 
	Parameter C_INTERRUPT_PRESENT bound to: 0 - type: integer 
	Parameter C_DOUT_DEFAULT bound to: 32'b00000000000000000000000000000000 
	Parameter C_TRI_DEFAULT bound to: 32'b11111111111111111111111111111111 
	Parameter C_IS_DUAL bound to: 1 - type: integer 
	Parameter C_DOUT_DEFAULT_2 bound to: 32'b00000000000000000000000000000000 
	Parameter C_TRI_DEFAULT_2 bound to: 32'b11111111111111111111111111111111 
INFO: [Synth 8-3491] module 'axi_gpio' declared at '/home/thomas/Documents/git/PCIE_FRA/hardware/fra_zynq7015_pcie/fra_zynq7015_pcie.gen/sources_1/bd/system_bd/ipshared/0271/hdl/axi_gpio_v2_0_vh_rfs.vhd:1255' bound to instance 'U0' of component 'axi_gpio' [/home/thomas/Documents/git/PCIE_FRA/hardware/fra_zynq7015_pcie/fra_zynq7015_pcie.gen/sources_1/bd/system_bd/ip/system_bd_axi_gpio_1_0/synth/system_bd_axi_gpio_1_0.vhd:177]
INFO: [Synth 8-638] synthesizing module 'axi_gpio' [/home/thomas/Documents/git/PCIE_FRA/hardware/fra_zynq7015_pcie/fra_zynq7015_pcie.gen/sources_1/bd/system_bd/ipshared/0271/hdl/axi_gpio_v2_0_vh_rfs.vhd:1341]
INFO: [Synth 8-638] synthesizing module 'axi_lite_ipif' [/home/thomas/Documents/git/PCIE_FRA/hardware/fra_zynq7015_pcie/fra_zynq7015_pcie.gen/sources_1/bd/system_bd/ipshared/66ea/hdl/axi_lite_ipif_v3_0_vh_rfs.vhd:2948]
INFO: [Synth 8-638] synthesizing module 'slave_attachment' [/home/thomas/Documents/git/PCIE_FRA/hardware/fra_zynq7015_pcie/fra_zynq7015_pcie.gen/sources_1/bd/system_bd/ipshared/66ea/hdl/axi_lite_ipif_v3_0_vh_rfs.vhd:2341]
INFO: [Synth 8-638] synthesizing module 'address_decoder' [/home/thomas/Documents/git/PCIE_FRA/hardware/fra_zynq7015_pcie/fra_zynq7015_pcie.gen/sources_1/bd/system_bd/ipshared/66ea/hdl/axi_lite_ipif_v3_0_vh_rfs.vhd:1775]
INFO: [Synth 8-638] synthesizing module 'pselect_f' [/home/thomas/Documents/git/PCIE_FRA/hardware/fra_zynq7015_pcie/fra_zynq7015_pcie.gen/sources_1/bd/system_bd/ipshared/66ea/hdl/axi_lite_ipif_v3_0_vh_rfs.vhd:1534]
INFO: [Synth 8-256] done synthesizing module 'pselect_f' (0#1) [/home/thomas/Documents/git/PCIE_FRA/hardware/fra_zynq7015_pcie/fra_zynq7015_pcie.gen/sources_1/bd/system_bd/ipshared/66ea/hdl/axi_lite_ipif_v3_0_vh_rfs.vhd:1534]
INFO: [Synth 8-638] synthesizing module 'pselect_f__parameterized0' [/home/thomas/Documents/git/PCIE_FRA/hardware/fra_zynq7015_pcie/fra_zynq7015_pcie.gen/sources_1/bd/system_bd/ipshared/66ea/hdl/axi_lite_ipif_v3_0_vh_rfs.vhd:1534]
INFO: [Synth 8-256] done synthesizing module 'pselect_f__parameterized0' (0#1) [/home/thomas/Documents/git/PCIE_FRA/hardware/fra_zynq7015_pcie/fra_zynq7015_pcie.gen/sources_1/bd/system_bd/ipshared/66ea/hdl/axi_lite_ipif_v3_0_vh_rfs.vhd:1534]
INFO: [Synth 8-638] synthesizing module 'pselect_f__parameterized1' [/home/thomas/Documents/git/PCIE_FRA/hardware/fra_zynq7015_pcie/fra_zynq7015_pcie.gen/sources_1/bd/system_bd/ipshared/66ea/hdl/axi_lite_ipif_v3_0_vh_rfs.vhd:1534]
INFO: [Synth 8-256] done synthesizing module 'pselect_f__parameterized1' (0#1) [/home/thomas/Documents/git/PCIE_FRA/hardware/fra_zynq7015_pcie/fra_zynq7015_pcie.gen/sources_1/bd/system_bd/ipshared/66ea/hdl/axi_lite_ipif_v3_0_vh_rfs.vhd:1534]
INFO: [Synth 8-638] synthesizing module 'pselect_f__parameterized2' [/home/thomas/Documents/git/PCIE_FRA/hardware/fra_zynq7015_pcie/fra_zynq7015_pcie.gen/sources_1/bd/system_bd/ipshared/66ea/hdl/axi_lite_ipif_v3_0_vh_rfs.vhd:1534]
INFO: [Synth 8-256] done synthesizing module 'pselect_f__parameterized2' (0#1) [/home/thomas/Documents/git/PCIE_FRA/hardware/fra_zynq7015_pcie/fra_zynq7015_pcie.gen/sources_1/bd/system_bd/ipshared/66ea/hdl/axi_lite_ipif_v3_0_vh_rfs.vhd:1534]
INFO: [Synth 8-256] done synthesizing module 'address_decoder' (0#1) [/home/thomas/Documents/git/PCIE_FRA/hardware/fra_zynq7015_pcie/fra_zynq7015_pcie.gen/sources_1/bd/system_bd/ipshared/66ea/hdl/axi_lite_ipif_v3_0_vh_rfs.vhd:1775]
INFO: [Synth 8-226] default block is never used [/home/thomas/Documents/git/PCIE_FRA/hardware/fra_zynq7015_pcie/fra_zynq7015_pcie.gen/sources_1/bd/system_bd/ipshared/66ea/hdl/axi_lite_ipif_v3_0_vh_rfs.vhd:2550]
INFO: [Synth 8-256] done synthesizing module 'slave_attachment' (0#1) [/home/thomas/Documents/git/PCIE_FRA/hardware/fra_zynq7015_pcie/fra_zynq7015_pcie.gen/sources_1/bd/system_bd/ipshared/66ea/hdl/axi_lite_ipif_v3_0_vh_rfs.vhd:2341]
INFO: [Synth 8-256] done synthesizing module 'axi_lite_ipif' (0#1) [/home/thomas/Documents/git/PCIE_FRA/hardware/fra_zynq7015_pcie/fra_zynq7015_pcie.gen/sources_1/bd/system_bd/ipshared/66ea/hdl/axi_lite_ipif_v3_0_vh_rfs.vhd:2948]
INFO: [Synth 8-638] synthesizing module 'GPIO_Core' [/home/thomas/Documents/git/PCIE_FRA/hardware/fra_zynq7015_pcie/fra_zynq7015_pcie.gen/sources_1/bd/system_bd/ipshared/0271/hdl/axi_gpio_v2_0_vh_rfs.vhd:182]
INFO: [Synth 8-226] default block is never used [/home/thomas/Documents/git/PCIE_FRA/hardware/fra_zynq7015_pcie/fra_zynq7015_pcie.gen/sources_1/bd/system_bd/ipshared/0271/hdl/axi_gpio_v2_0_vh_rfs.vhd:833]
	Parameter DEST_SYNC_FF bound to: 4 - type: integer 
	Parameter INIT_SYNC_FF bound to: 0 - type: integer 
	Parameter SIM_ASSERT_CHK bound to: 0 - type: integer 
	Parameter SRC_INPUT_REG bound to: 0 - type: integer 
	Parameter WIDTH bound to: 8 - type: integer 
INFO: [Synth 8-3491] module 'xpm_cdc_array_single' declared at '/home/thomas/tools/Xilinx/2025.1/Vivado/data/ip/xpm/xpm_cdc/hdl/xpm_cdc.sv:903' bound to instance 'INPUT_DOUBLE_REGS4' of component 'xpm_cdc_array_single' [/home/thomas/Documents/git/PCIE_FRA/hardware/fra_zynq7015_pcie/fra_zynq7015_pcie.gen/sources_1/bd/system_bd/ipshared/0271/hdl/axi_gpio_v2_0_vh_rfs.vhd:851]
INFO: [Synth 8-6157] synthesizing module 'xpm_cdc_array_single' [/home/thomas/tools/Xilinx/2025.1/Vivado/data/ip/xpm/xpm_cdc/hdl/xpm_cdc.sv:903]
INFO: [Synth 8-6155] done synthesizing module 'xpm_cdc_array_single' (0#1) [/home/thomas/tools/Xilinx/2025.1/Vivado/data/ip/xpm/xpm_cdc/hdl/xpm_cdc.sv:903]
	Parameter DEST_SYNC_FF bound to: 4 - type: integer 
	Parameter INIT_SYNC_FF bound to: 0 - type: integer 
	Parameter SIM_ASSERT_CHK bound to: 0 - type: integer 
	Parameter SRC_INPUT_REG bound to: 0 - type: integer 
	Parameter WIDTH bound to: 1 - type: integer 
INFO: [Synth 8-3491] module 'xpm_cdc_array_single' declared at '/home/thomas/tools/Xilinx/2025.1/Vivado/data/ip/xpm/xpm_cdc/hdl/xpm_cdc.sv:903' bound to instance 'INPUT_DOUBLE_REGS5' of component 'xpm_cdc_array_single' [/home/thomas/Documents/git/PCIE_FRA/hardware/fra_zynq7015_pcie/fra_zynq7015_pcie.gen/sources_1/bd/system_bd/ipshared/0271/hdl/axi_gpio_v2_0_vh_rfs.vhd:880]
INFO: [Synth 8-6157] synthesizing module 'xpm_cdc_array_single__parameterized1' [/home/thomas/tools/Xilinx/2025.1/Vivado/data/ip/xpm/xpm_cdc/hdl/xpm_cdc.sv:903]
INFO: [Synth 8-6155] done synthesizing module 'xpm_cdc_array_single__parameterized1' (0#1) [/home/thomas/tools/Xilinx/2025.1/Vivado/data/ip/xpm/xpm_cdc/hdl/xpm_cdc.sv:903]
INFO: [Synth 8-256] done synthesizing module 'GPIO_Core' (0#1) [/home/thomas/Documents/git/PCIE_FRA/hardware/fra_zynq7015_pcie/fra_zynq7015_pcie.gen/sources_1/bd/system_bd/ipshared/0271/hdl/axi_gpio_v2_0_vh_rfs.vhd:182]
INFO: [Synth 8-256] done synthesizing module 'axi_gpio' (0#1) [/home/thomas/Documents/git/PCIE_FRA/hardware/fra_zynq7015_pcie/fra_zynq7015_pcie.gen/sources_1/bd/system_bd/ipshared/0271/hdl/axi_gpio_v2_0_vh_rfs.vhd:1341]
INFO: [Synth 8-256] done synthesizing module 'system_bd_axi_gpio_1_0' (0#1) [/home/thomas/Documents/git/PCIE_FRA/hardware/fra_zynq7015_pcie/fra_zynq7015_pcie.gen/sources_1/bd/system_bd/ip/system_bd_axi_gpio_1_0/synth/system_bd_axi_gpio_1_0.vhd:85]
WARNING: [Synth 8-6014] Unused sequential element Dual.ALLOUT0_ND_G1.READ_REG_GEN[0].GPIO_DBus_i_reg was removed.  [/home/thomas/Documents/git/PCIE_FRA/hardware/fra_zynq7015_pcie/fra_zynq7015_pcie.gen/sources_1/bd/system_bd/ipshared/0271/hdl/axi_gpio_v2_0_vh_rfs.vhd:688]
WARNING: [Synth 8-6014] Unused sequential element Dual.ALLOUT0_ND_G1.READ_REG_GEN[1].GPIO_DBus_i_reg was removed.  [/home/thomas/Documents/git/PCIE_FRA/hardware/fra_zynq7015_pcie/fra_zynq7015_pcie.gen/sources_1/bd/system_bd/ipshared/0271/hdl/axi_gpio_v2_0_vh_rfs.vhd:688]
WARNING: [Synth 8-6014] Unused sequential element Dual.ALLOUT0_ND_G1.READ_REG_GEN[2].GPIO_DBus_i_reg was removed.  [/home/thomas/Documents/git/PCIE_FRA/hardware/fra_zynq7015_pcie/fra_zynq7015_pcie.gen/sources_1/bd/system_bd/ipshared/0271/hdl/axi_gpio_v2_0_vh_rfs.vhd:688]
WARNING: [Synth 8-6014] Unused sequential element Dual.ALLOUT0_ND_G1.READ_REG_GEN[3].GPIO_DBus_i_reg was removed.  [/home/thomas/Documents/git/PCIE_FRA/hardware/fra_zynq7015_pcie/fra_zynq7015_pcie.gen/sources_1/bd/system_bd/ipshared/0271/hdl/axi_gpio_v2_0_vh_rfs.vhd:688]
WARNING: [Synth 8-6014] Unused sequential element Dual.ALLOUT0_ND_G1.READ_REG_GEN[4].GPIO_DBus_i_reg was removed.  [/home/thomas/Documents/git/PCIE_FRA/hardware/fra_zynq7015_pcie/fra_zynq7015_pcie.gen/sources_1/bd/system_bd/ipshared/0271/hdl/axi_gpio_v2_0_vh_rfs.vhd:688]
WARNING: [Synth 8-6014] Unused sequential element Dual.ALLOUT0_ND_G1.READ_REG_GEN[5].GPIO_DBus_i_reg was removed.  [/home/thomas/Documents/git/PCIE_FRA/hardware/fra_zynq7015_pcie/fra_zynq7015_pcie.gen/sources_1/bd/system_bd/ipshared/0271/hdl/axi_gpio_v2_0_vh_rfs.vhd:688]
WARNING: [Synth 8-6014] Unused sequential element Dual.ALLOUT0_ND_G1.READ_REG_GEN[6].GPIO_DBus_i_reg was removed.  [/home/thomas/Documents/git/PCIE_FRA/hardware/fra_zynq7015_pcie/fra_zynq7015_pcie.gen/sources_1/bd/system_bd/ipshared/0271/hdl/axi_gpio_v2_0_vh_rfs.vhd:688]
WARNING: [Synth 8-6014] Unused sequential element Dual.ALLOUT0_ND_G1.READ_REG_GEN[7].GPIO_DBus_i_reg was removed.  [/home/thomas/Documents/git/PCIE_FRA/hardware/fra_zynq7015_pcie/fra_zynq7015_pcie.gen/sources_1/bd/system_bd/ipshared/0271/hdl/axi_gpio_v2_0_vh_rfs.vhd:688]
WARNING: [Synth 8-6014] Unused sequential element Dual.ALLOUT1_ND_G2.READ_REG2_GEN[0].GPIO2_DBus_i_reg was removed.  [/home/thomas/Documents/git/PCIE_FRA/hardware/fra_zynq7015_pcie/fra_zynq7015_pcie.gen/sources_1/bd/system_bd/ipshared/0271/hdl/axi_gpio_v2_0_vh_rfs.vhd:785]
WARNING: [Synth 8-6014] Unused sequential element Dual.gpio_Data_In_reg was removed.  [/home/thomas/Documents/git/PCIE_FRA/hardware/fra_zynq7015_pcie/fra_zynq7015_pcie.gen/sources_1/bd/system_bd/ipshared/0271/hdl/axi_gpio_v2_0_vh_rfs.vhd:875]
WARNING: [Synth 8-6014] Unused sequential element Dual.gpio2_Data_In_reg was removed.  [/home/thomas/Documents/git/PCIE_FRA/hardware/fra_zynq7015_pcie/fra_zynq7015_pcie.gen/sources_1/bd/system_bd/ipshared/0271/hdl/axi_gpio_v2_0_vh_rfs.vhd:908]
WARNING: [Synth 8-7129] Port src_clk in module xpm_cdc_array_single__parameterized1 is either unconnected or has no load
WARNING: [Synth 8-7129] Port src_clk in module xpm_cdc_array_single is either unconnected or has no load
WARNING: [Synth 8-7129] Port ABus_Reg[1] in module GPIO_Core is either unconnected or has no load
WARNING: [Synth 8-7129] Port ABus_Reg[2] in module GPIO_Core is either unconnected or has no load
WARNING: [Synth 8-7129] Port ABus_Reg[3] in module GPIO_Core is either unconnected or has no load
WARNING: [Synth 8-7129] Port ABus_Reg[4] in module GPIO_Core is either unconnected or has no load
WARNING: [Synth 8-7129] Port ABus_Reg[7] in module GPIO_Core is either unconnected or has no load
WARNING: [Synth 8-7129] Port ABus_Reg[8] in module GPIO_Core is either unconnected or has no load
WARNING: [Synth 8-7129] Port BE_Reg[0] in module GPIO_Core is either unconnected or has no load
WARNING: [Synth 8-7129] Port BE_Reg[1] in module GPIO_Core is either unconnected or has no load
WARNING: [Synth 8-7129] Port BE_Reg[2] in module GPIO_Core is either unconnected or has no load
WARNING: [Synth 8-7129] Port BE_Reg[3] in module GPIO_Core is either unconnected or has no load
WARNING: [Synth 8-7129] Port Address_In_Erly[0] in module address_decoder is either unconnected or has no load
WARNING: [Synth 8-7129] Port Address_In_Erly[1] in module address_decoder is either unconnected or has no load
WARNING: [Synth 8-7129] Port Address_In_Erly[2] in module address_decoder is either unconnected or has no load
WARNING: [Synth 8-7129] Port Address_In_Erly[3] in module address_decoder is either unconnected or has no load
WARNING: [Synth 8-7129] Port Address_In_Erly[4] in module address_decoder is either unconnected or has no load
WARNING: [Synth 8-7129] Port Address_In_Erly[7] in module address_decoder is either unconnected or has no load
WARNING: [Synth 8-7129] Port Address_In_Erly[8] in module address_decoder is either unconnected or has no load
WARNING: [Synth 8-7129] Port Bus_RNW in module address_decoder is either unconnected or has no load
WARNING: [Synth 8-7129] Port S_AXI_WSTRB[3] in module slave_attachment is either unconnected or has no load
WARNING: [Synth 8-7129] Port S_AXI_WSTRB[2] in module slave_attachment is either unconnected or has no load
WARNING: [Synth 8-7129] Port S_AXI_WSTRB[1] in module slave_attachment is either unconnected or has no load
WARNING: [Synth 8-7129] Port S_AXI_WSTRB[0] in module slave_attachment is either unconnected or has no load
---------------------------------------------------------------------------------
Finished RTL Elaboration : Time (s): cpu = 00:00:06 ; elapsed = 00:00:06 . Memory (MB): peak = 2205.355 ; gain = 523.648 ; free physical = 372 ; free virtual = 6386
---------------------------------------------------------------------------------
---------------------------------------------------------------------------------
Start Handling Custom Attributes
---------------------------------------------------------------------------------
---------------------------------------------------------------------------------
Finished Handling Custom Attributes : Time (s): cpu = 00:00:06 ; elapsed = 00:00:06 . Memory (MB): peak = 2220.199 ; gain = 538.492 ; free physical = 354 ; free virtual = 6368
---------------------------------------------------------------------------------
---------------------------------------------------------------------------------
Finished RTL Optimization Phase 1 : Time (s): cpu = 00:00:06 ; elapsed = 00:00:06 . Memory (MB): peak = 2220.199 ; gain = 538.492 ; free physical = 354 ; free virtual = 6368
---------------------------------------------------------------------------------
Netlist sorting complete. Time (s): cpu = 00:00:00.01 ; elapsed = 00:00:00.01 . Memory (MB): peak = 2220.199 ; gain = 0.000 ; free physical = 354 ; free virtual = 6368
INFO: [Project 1-570] Preparing netlist for logic optimization

Processing XDC Constraints
Initializing timing engine
Parsing XDC File [/home/thomas/Documents/git/PCIE_FRA/hardware/fra_zynq7015_pcie/fra_zynq7015_pcie.gen/sources_1/bd/system_bd/ip/system_bd_axi_gpio_1_0/system_bd_axi_gpio_1_0_ooc.xdc] for cell 'U0'
Finished Parsing XDC File [/home/thomas/Documents/git/PCIE_FRA/hardware/fra_zynq7015_pcie/fra_zynq7015_pcie.gen/sources_1/bd/system_bd/ip/system_bd_axi_gpio_1_0/system_bd_axi_gpio_1_0_ooc.xdc] for cell 'U0'
Parsing XDC File [/home/thomas/Documents/git/PCIE_FRA/hardware/fra_zynq7015_pcie/fra_zynq7015_pcie.gen/sources_1/bd/system_bd/ip/system_bd_axi_gpio_1_0/system_bd_axi_gpio_1_0_board.xdc] for cell 'U0'
Finished Parsing XDC File [/home/thomas/Documents/git/PCIE_FRA/hardware/fra_zynq7015_pcie/fra_zynq7015_pcie.gen/sources_1/bd/system_bd/ip/system_bd_axi_gpio_1_0/system_bd_axi_gpio_1_0_board.xdc] for cell 'U0'
Parsing XDC File [/home/thomas/Documents/git/PCIE_FRA/hardware/fra_zynq7015_pcie/fra_zynq7015_pcie.runs/system_bd_axi_gpio_1_0_synth_1/dont_touch.xdc]
Finished Parsing XDC File [/home/thomas/Documents/git/PCIE_FRA/hardware/fra_zynq7015_pcie/fra_zynq7015_pcie.runs/system_bd_axi_gpio_1_0_synth_1/dont_touch.xdc]
INFO: [Project 1-236] Implementation specific constraints were found while reading constraint file [/home/thomas/tools/Xilinx/2025.1/Vivado/data/ip/xpm/xpm_cdc/tcl/xpm_cdc_array_single.tcl]. These constraints will be ignored for synthesis but will be used in implementation. Impacted constraints are listed in the file [.Xil/system_bd_axi_gpio_1_0_propImpl.xdc].
Resolution: To avoid this warning, move constraints listed in [.Xil/system_bd_axi_gpio_1_0_propImpl.xdc] to another XDC file and exclude this new file from synthesis with the used_in_synthesis property (File Properties dialog in GUI) and re-run elaboration/synthesis.
INFO: [Project 1-1714] 2 XPM XDC files have been applied to the design.
Completed Processing XDC Constraints

Netlist sorting complete. Time (s): cpu = 00:00:00 ; elapsed = 00:00:00 . Memory (MB): peak = 2341.938 ; gain = 0.000 ; free physical = 233 ; free virtual = 6170
INFO: [Project 1-111] Unisim Transformation Summary:
No Unisim elements were transformed.

Constraint Validation Runtime : Time (s): cpu = 00:00:00.01 ; elapsed = 00:00:00.02 . Memory (MB): peak = 2341.973 ; gain = 0.000 ; free physical = 243 ; free virtual = 6149
INFO: [Designutils 20-5008] Incremental synthesis strategy off
---------------------------------------------------------------------------------
Finished Constraint Validation : Time (s): cpu = 00:00:11 ; elapsed = 00:00:12 . Memory (MB): peak = 2341.973 ; gain = 660.266 ; free physical = 222 ; free virtual = 6108
---------------------------------------------------------------------------------
---------------------------------------------------------------------------------
Start Loading Part and Timing Information
---------------------------------------------------------------------------------
Loading part: xc7z015clg485-2
---------------------------------------------------------------------------------
Finished Loading Part and Timing Information : Time (s): cpu = 00:00:11 ; elapsed = 00:00:12 . Memory (MB): peak = 2349.941 ; gain = 668.234 ; free physical = 222 ; free virtual = 6108
---------------------------------------------------------------------------------
---------------------------------------------------------------------------------
Start Applying 'set_property' XDC Constraints
---------------------------------------------------------------------------------
---------------------------------------------------------------------------------
Finished applying 'set_property' XDC Constraints : Time (s): cpu = 00:00:11 ; elapsed = 00:00:12 . Memory (MB): peak = 2349.941 ; gain = 668.234 ; free physical = 222 ; free virtual = 6108
---------------------------------------------------------------------------------
INFO: [Synth 8-802] inferred FSM for state register 'state_reg' in module 'slave_attachment'
---------------------------------------------------------------------------------------------------
                   State |                     New Encoding |                Previous Encoding 
---------------------------------------------------------------------------------------------------
                 iSTATE2 |                             0001 |                               00
                  iSTATE |                             0010 |                               01
                 iSTATE0 |                             0100 |                               10
                 iSTATE1 |                             1000 |                               11
---------------------------------------------------------------------------------------------------
INFO: [Synth 8-3354] encoded FSM with state register 'state_reg' using encoding 'one-hot' in module 'slave_attachment'
---------------------------------------------------------------------------------
Finished RTL Optimization Phase 2 : Time (s): cpu = 00:00:12 ; elapsed = 00:00:12 . Memory (MB): peak = 2349.941 ; gain = 668.234 ; free physical = 273 ; free virtual = 6162
---------------------------------------------------------------------------------
---------------------------------------------------------------------------------
Start RTL Component Statistics 
---------------------------------------------------------------------------------
Detailed RTL Component Info : 
+---Adders : 
	   2 Input    4 Bit       Adders := 1     
+---Registers : 
	               32 Bit    Registers := 2     
	                9 Bit    Registers := 1     
	                8 Bit    Registers := 6     
	                4 Bit    Registers := 1     
	                2 Bit    Registers := 3     
	                1 Bit    Registers := 33    
+---Muxes : 
	   5 Input   32 Bit        Muxes := 1     
	   2 Input   32 Bit        Muxes := 1     
	   2 Input    9 Bit        Muxes := 1     
	   4 Input    4 Bit        Muxes := 1     
	   2 Input    4 Bit        Muxes := 5     
	   2 Input    2 Bit        Muxes := 3     
	   3 Input    2 Bit        Muxes := 1     
	   4 Input    2 Bit        Muxes := 3     
	   2 Input    1 Bit        Muxes := 10    
	   4 Input    1 Bit        Muxes := 3     
---------------------------------------------------------------------------------
Finished RTL Component Statistics 
---------------------------------------------------------------------------------
---------------------------------------------------------------------------------
Start Part Resource Summary
---------------------------------------------------------------------------------
Part Resources:
DSPs: 160 (col length:60)
BRAMs: 190 (col length: RAMB18 60 RAMB36 30)
---------------------------------------------------------------------------------
Finished Part Resource Summary
---------------------------------------------------------------------------------
---------------------------------------------------------------------------------
Start Cross Boundary and Area Optimization
---------------------------------------------------------------------------------
WARNING: [Synth 8-7080] Parallel synthesis criteria is not met
WARNING: [Synth 8-7129] Port src_clk in module xpm_cdc_array_single__parameterized1 is either unconnected or has no load
WARNING: [Synth 8-7129] Port src_clk in module xpm_cdc_array_single is either unconnected or has no load
WARNING: [Synth 8-7129] Port s_axi_wdata[31] in module axi_gpio is either unconnected or has no load
WARNING: [Synth 8-7129] Port s_axi_wdata[30] in module axi_gpio is either unconnected or has no load
WARNING: [Synth 8-7129] Port s_axi_wdata[29] in module axi_gpio is either unconnected or has no load
WARNING: [Synth 8-7129] Port s_axi_wdata[28] in module axi_gpio is either unconnected or has no load
WARNING: [Synth 8-7129] Port s_axi_wdata[27] in module axi_gpio is either unconnected or has no load
WARNING: [Synth 8-7129] Port s_axi_wdata[26] in module axi_gpio is either unconnected or has no load
WARNING: [Synth 8-7129] Port s_axi_wdata[25] in module axi_gpio is either unconnected or has no load
WARNING: [Synth 8-7129] Port s_axi_wdata[24] in module axi_gpio is either unconnected or has no load
WARNING: [Synth 8-7129] Port s_axi_wdata[23] in module axi_gpio is either unconnected or has no load
WARNING: [Synth 8-7129] Port s_axi_wdata[22] in module axi_gpio is either unconnected or has no load
WARNING: [Synth 8-7129] Port s_axi_wdata[21] in module axi_gpio is either unconnected or has no load
WARNING: [Synth 8-7129] Port s_axi_wdata[20] in module axi_gpio is either unconnected or has no load
WARNING: [Synth 8-7129] Port s_axi_wdata[19] in module axi_gpio is either unconnected or has no load
WARNING: [Synth 8-7129] Port s_axi_wdata[18] in module axi_gpio is either unconnected or has no load
WARNING: [Synth 8-7129] Port s_axi_wdata[17] in module axi_gpio is either unconnected or has no load
WARNING: [Synth 8-7129] Port s_axi_wdata[16] in module axi_gpio is either unconnected or has no load
WARNING: [Synth 8-7129] Port s_axi_wdata[15] in module axi_gpio is either unconnected or has no load
WARNING: [Synth 8-7129] Port s_axi_wdata[14] in module axi_gpio is either unconnected or has no load
WARNING: [Synth 8-7129] Port s_axi_wdata[13] in module axi_gpio is either unconnected or has no load
WARNING: [Synth 8-7129] Port s_axi_wdata[12] in module axi_gpio is either unconnected or has no load
WARNING: [Synth 8-7129] Port s_axi_wdata[11] in module axi_gpio is either unconnected or has no load
WARNING: [Synth 8-7129] Port s_axi_wdata[10] in module axi_gpio is either unconnected or has no load
WARNING: [Synth 8-7129] Port s_axi_wdata[9] in module axi_gpio is either unconnected or has no load
WARNING: [Synth 8-7129] Port s_axi_wdata[8] in module axi_gpio is either unconnected or has no load
WARNING: [Synth 8-7129] Port s_axi_wstrb[3] in module axi_gpio is either unconnected or has no load
WARNING: [Synth 8-7129] Port s_axi_wstrb[2] in module axi_gpio is either unconnected or has no load
WARNING: [Synth 8-7129] Port s_axi_wstrb[1] in module axi_gpio is either unconnected or has no load
WARNING: [Synth 8-7129] Port s_axi_wstrb[0] in module axi_gpio is either unconnected or has no load
---------------------------------------------------------------------------------
Finished Cross Boundary and Area Optimization : Time (s): cpu = 00:00:13 ; elapsed = 00:00:14 . Memory (MB): peak = 2349.941 ; gain = 668.234 ; free physical = 226 ; free virtual = 6098
---------------------------------------------------------------------------------
---------------------------------------------------------------------------------
Start Applying XDC Timing Constraints
---------------------------------------------------------------------------------
---------------------------------------------------------------------------------
Finished Applying XDC Timing Constraints : Time (s): cpu = 00:00:17 ; elapsed = 00:00:17 . Memory (MB): peak = 2386.941 ; gain = 705.234 ; free physical = 195 ; free virtual = 5673
---------------------------------------------------------------------------------
---------------------------------------------------------------------------------
Start Timing Optimization
---------------------------------------------------------------------------------
---------------------------------------------------------------------------------
Finished Timing Optimization : Time (s): cpu = 00:00:17 ; elapsed = 00:00:18 . Memory (MB): peak = 2415.988 ; gain = 734.281 ; free physical = 205 ; free virtual = 5612
---------------------------------------------------------------------------------
---------------------------------------------------------------------------------
Start Technology Mapping
---------------------------------------------------------------------------------
---------------------------------------------------------------------------------
Finished Technology Mapping : Time (s): cpu = 00:00:17 ; elapsed = 00:00:18 . Memory (MB): peak = 2415.988 ; gain = 734.281 ; free physical = 206 ; free virtual = 5584
---------------------------------------------------------------------------------
---------------------------------------------------------------------------------
Start IO Insertion
---------------------------------------------------------------------------------
---------------------------------------------------------------------------------
Start Flattening Before IO Insertion
---------------------------------------------------------------------------------
---------------------------------------------------------------------------------
Finished Flattening Before IO Insertion
---------------------------------------------------------------------------------
---------------------------------------------------------------------------------
Start Final Netlist Cleanup
---------------------------------------------------------------------------------
---------------------------------------------------------------------------------
Finished Final Netlist Cleanup
---------------------------------------------------------------------------------
---------------------------------------------------------------------------------
Finished IO Insertion : Time (s): cpu = 00:00:20 ; elapsed = 00:00:21 . Memory (MB): peak = 2572.801 ; gain = 891.094 ; free physical = 155 ; free virtual = 4772
---------------------------------------------------------------------------------
---------------------------------------------------------------------------------
Start Renaming Generated Instances
---------------------------------------------------------------------------------
---------------------------------------------------------------------------------
Finished Renaming Generated Instances : Time (s): cpu = 00:00:20 ; elapsed = 00:00:21 . Memory (MB): peak = 2572.801 ; gain = 891.094 ; free physical = 155 ; free virtual = 4772
---------------------------------------------------------------------------------
---------------------------------------------------------------------------------
Start Rebuilding User Hierarchy
---------------------------------------------------------------------------------
---------------------------------------------------------------------------------
Finished Rebuilding User Hierarchy : Time (s): cpu = 00:00:20 ; elapsed = 00:00:21 . Memory (MB): peak = 2572.801 ; gain = 891.094 ; free physical = 154 ; free virtual = 4772
---------------------------------------------------------------------------------
---------------------------------------------------------------------------------
Start Renaming Generated Ports
---------------------------------------------------------------------------------
---------------------------------------------------------------------------------
Finished Renaming Generated Ports : Time (s): cpu = 00:00:20 ; elapsed = 00:00:21 . Memory (MB): peak = 2572.801 ; gain = 891.094 ; free physical = 154 ; free virtual = 4772
---------------------------------------------------------------------------------
---------------------------------------------------------------------------------
Start Handling Custom Attributes
---------------------------------------------------------------------------------
---------------------------------------------------------------------------------
Finished Handling Custom Attributes : Time (s): cpu = 00:00:20 ; elapsed = 00:00:21 . Memory (MB): peak = 2572.801 ; gain = 891.094 ; free physical = 154 ; free virtual = 4772
---------------------------------------------------------------------------------
---------------------------------------------------------------------------------
Start Renaming Generated Nets
---------------------------------------------------------------------------------
---------------------------------------------------------------------------------
Finished Renaming Generated Nets : Time (s): cpu = 00:00:20 ; elapsed = 00:00:21 . Memory (MB): peak = 2572.801 ; gain = 891.094 ; free physical = 154 ; free virtual = 4772
---------------------------------------------------------------------------------
---------------------------------------------------------------------------------
Start Writing Synthesis Report
---------------------------------------------------------------------------------

Report BlackBoxes: 
+-+--------------+----------+
| |BlackBox name |Instances |
+-+--------------+----------+
+-+--------------+----------+

Report Cell Usage: 
+------+------+------+
|      |Cell  |Count |
+------+------+------+
|1     |LUT1  |     2|
|2     |LUT2  |     9|
|3     |LUT3  |    14|
|4     |LUT4  |     5|
|5     |LUT5  |    12|
|6     |LUT6  |    16|
|7     |MUXF7 |     1|
|8     |FDRE  |   101|
|9     |FDSE  |     1|
+------+------+------+
---------------------------------------------------------------------------------
Finished Writing Synthesis Report : Time (s): cpu = 00:00:20 ; elapsed = 00:00:21 . Memory (MB): peak = 2572.801 ; gain = 891.094 ; free physical = 154 ; free virtual = 4772
---------------------------------------------------------------------------------
Synthesis finished with 0 errors, 0 critical warnings and 31 warnings.
Synthesis Optimization Runtime : Time (s): cpu = 00:00:19 ; elapsed = 00:00:19 . Memory (MB): peak = 2572.801 ; gain = 769.320 ; free physical = 308 ; free virtual = 4912
Synthesis Optimization Complete : Time (s): cpu = 00:00:20 ; elapsed = 00:00:21 . Memory (MB): peak = 2572.809 ; gain = 891.094 ; free physical = 308 ; free virtual = 4912
INFO: [Project 1-571] Translating synthesized netlist
Netlist sorting complete. Time (s): cpu = 00:00:00 ; elapsed = 00:00:00 . Memory (MB): peak = 2572.809 ; gain = 0.000 ; free physical = 300 ; free virtual = 4904
INFO: [Netlist 29-17] Analyzing 1 Unisim elements for replacement
INFO: [Netlist 29-28] Unisim Transformation completed in 0 CPU seconds
INFO: [Project 1-570] Preparing netlist for logic optimization
INFO: [Opt 31-138] Pushed 0 inverter(s) to 0 load pin(s).
Netlist sorting complete. Time (s): cpu = 00:00:00 ; elapsed = 00:00:00 . Memory (MB): peak = 2628.828 ; gain = 0.000 ; free physical = 772 ; free virtual = 5382
INFO: [Project 1-111] Unisim Transformation Summary:
No Unisim elements were transformed.

Synth Design complete | Checksum: 2537ef36
INFO: [Common 17-83] Releasing license: Synthesis
48 Infos, 66 Warnings, 0 Critical Warnings and 0 Errors encountered.
synth_design completed successfully
synth_design: Time (s): cpu = 00:00:27 ; elapsed = 00:00:24 . Memory (MB): peak = 2628.863 ; gain = 1107.016 ; free physical = 766 ; free virtual = 5376
INFO: [Common 17-2834] synth_design peak Physical Memory [PSS] (MB): overall = 1680.379; main = 1537.025; forked = 190.398
INFO: [Common 17-2834] synth_design peak Virtual Memory [VSS] (MB): overall = 3483.879; main = 2628.832; forked = 963.887
Write ShapeDB Complete: Time (s): cpu = 00:00:00 ; elapsed = 00:00:00.01 . Memory (MB): peak = 2652.840 ; gain = 0.000 ; free physical = 759 ; free virtual = 5369
INFO: [Common 17-1381] The checkpoint '/home/thomas/Documents/git/PCIE_FRA/hardware/fra_zynq7015_pcie/fra_zynq7015_pcie.runs/system_bd_axi_gpio_1_0_synth_1/system_bd_axi_gpio_1_0.dcp' has been generated.
INFO: [Coretcl 2-1648] Added synthesis output to IP cache for IP system_bd_axi_gpio_1_0, cache-ID = c38fa9ba9f38689a
INFO: [Coretcl 2-1174] Renamed 9 cell refs.
Write ShapeDB Complete: Time (s): cpu = 00:00:00 ; elapsed = 00:00:00 . Memory (MB): peak = 2652.840 ; gain = 0.000 ; free physical = 772 ; free virtual = 5383
INFO: [Common 17-1381] The checkpoint '/home/thomas/Documents/git/PCIE_FRA/hardware/fra_zynq7015_pcie/fra_zynq7015_pcie.runs/system_bd_axi_gpio_1_0_synth_1/system_bd_axi_gpio_1_0.dcp' has been generated.
INFO: [Vivado 12-24828] Executing command : report_utilization -file system_bd_axi_gpio_1_0_utilization_synth.rpt -pb system_bd_axi_gpio_1_0_utilization_synth.pb
INFO: [Common 17-206] Exiting Vivado at Thu Mar 19 13:11:54 2026...
